Using pre-set license
Built from '2021.3/staging' branch; Version is '2021.3.10f1 (1c7d0df0160b) revision 1867021'; Using compiler version '192829333'; Build Type 'Release'
OS: 'Windows 10  (10.0.19044) 64bit Core' Language: 'en' Physical Memory: 16085 MB
BatchMode: 1, IsHumanControllingUs: 0, StartBugReporterOnCrash: 0, Is64bit: 1, IsPro: 1

COMMAND LINE ARGUMENTS:
C:\Program Files\Unity\Hub\Editor\2021.3.10f1\Editor\Unity.exe
-adb2
-batchMode
-noUpm
-name
AssetImportWorker0
-projectPath
C:/Users/Em/Desktop/CMPM 121/cmpm121-homework1/CMPM 121 Homework 1
-logFile
Logs/AssetImportWorker0.log
-srvPort
58612
Successfully changed project path to: C:/Users/Em/Desktop/CMPM 121/cmpm121-homework1/CMPM 121 Homework 1
C:/Users/Em/Desktop/CMPM 121/cmpm121-homework1/CMPM 121 Homework 1
[UnityMemory] Configuration Parameters - Can be set up in boot.config
    "memorysetup-bucket-allocator-granularity=16"
    "memorysetup-bucket-allocator-bucket-count=8"
    "memorysetup-bucket-allocator-block-size=33554432"
    "memorysetup-bucket-allocator-block-count=8"
    "memorysetup-main-allocator-block-size=16777216"
    "memorysetup-thread-allocator-block-size=16777216"
    "memorysetup-gfx-main-allocator-block-size=16777216"
    "memorysetup-gfx-thread-allocator-block-size=16777216"
    "memorysetup-cache-allocator-block-size=4194304"
    "memorysetup-typetree-allocator-block-size=2097152"
    "memorysetup-profiler-bucket-allocator-granularity=16"
    "memorysetup-profiler-bucket-allocator-bucket-count=8"
    "memorysetup-profiler-bucket-allocator-block-size=33554432"
    "memorysetup-profiler-bucket-allocator-block-count=8"
    "memorysetup-profiler-allocator-block-size=16777216"
    "memorysetup-profiler-editor-allocator-block-size=1048576"
    "memorysetup-temp-allocator-size-main=16777216"
    "memorysetup-job-temp-allocator-block-size=2097152"
    "memorysetup-job-temp-allocator-block-size-background=1048576"
    "memorysetup-job-temp-allocator-reduction-small-platforms=262144"
    "memorysetup-temp-allocator-size-background-worker=32768"
    "memorysetup-temp-allocator-size-job-worker=262144"
    "memorysetup-temp-allocator-size-preload-manager=33554432"
    "memorysetup-temp-allocator-size-nav-mesh-worker=65536"
    "memorysetup-temp-allocator-size-audio-worker=65536"
    "memorysetup-temp-allocator-size-cloud-worker=32768"
    "memorysetup-temp-allocator-size-gi-baking-worker=262144"
    "memorysetup-temp-allocator-size-gfx=262144"
Refreshing native plugins compatible for Editor in 98.70 ms, found 3 plugins.
Preloading 0 native plugins for Editor in 0.00 ms.
Initialize engine version: 2021.3.10f1 (1c7d0df0160b)
[Subsystems] Discovering subsystems at path C:/Program Files/Unity/Hub/Editor/2021.3.10f1/Editor/Data/Resources/UnitySubsystems
[Subsystems] Discovering subsystems at path C:/Users/Em/Desktop/CMPM 121/cmpm121-homework1/CMPM 121 Homework 1/Assets
GfxDevice: creating device client; threaded=0; jobified=0
Direct3D:
    Version:  Direct3D 11.0 [level 11.1]
    Renderer: NVIDIA GeForce RTX 3060 Laptop GPU (ID=0x2520)
    Vendor:   NVIDIA
    VRAM:     6023 MB
    Driver:   31.0.15.1659
Initialize mono
Mono path[0] = 'C:/Program Files/Unity/Hub/Editor/2021.3.10f1/Editor/Data/Managed'
Mono path[1] = 'C:/Program Files/Unity/Hub/Editor/2021.3.10f1/Editor/Data/MonoBleedingEdge/lib/mono/unityjit-win32'
Mono config path = 'C:/Program Files/Unity/Hub/Editor/2021.3.10f1/Editor/Data/MonoBleedingEdge/etc'
Using monoOptions --debugger-agent=transport=dt_socket,embedding=1,server=y,suspend=n,address=127.0.0.1:56304
Begin MonoManager ReloadAssembly
Registering precompiled unity dll's ...
Register platform support module: C:/Program Files/Unity/Hub/Editor/2021.3.10f1/Editor/Data/PlaybackEngines/WebGLSupport/UnityEditor.WebGL.Extensions.dll
Register platform support module: C:/Program Files/Unity/Hub/Editor/2021.3.10f1/Editor/Data/PlaybackEngines/WindowsStandaloneSupport/UnityEditor.WindowsStandalone.Extensions.dll
Registered in 0.010598 seconds.
Native extension for WindowsStandalone target not found
Native extension for WebGL target not found
Refreshing native plugins compatible for Editor in 82.97 ms, found 3 plugins.
Preloading 0 native plugins for Editor in 0.00 ms.
Mono: successfully reloaded assembly
- Completed reload, in  0.715 seconds
Domain Reload Profiling:
	ReloadAssembly (716ms)
		BeginReloadAssembly (79ms)
			ExecutionOrderSort (0ms)
			DisableScriptedObjects (0ms)
			BackupInstance (0ms)
			ReleaseScriptingObjects (0ms)
			CreateAndSetChildDomain (0ms)
		EndReloadAssembly (520ms)
			LoadAssemblies (78ms)
			RebuildTransferFunctionScriptingTraits (0ms)
			SetupTypeCache (115ms)
			ReleaseScriptCaches (0ms)
			RebuildScriptCaches (38ms)
			SetupLoadedEditorAssemblies (307ms)
				LogAssemblyErrors (0ms)
				InitializePlatformSupportModulesInManaged (10ms)
				SetLoadedEditorAssemblies (0ms)
				RefreshPlugins (83ms)
				BeforeProcessingInitializeOnLoad (1ms)
				ProcessInitializeOnLoadAttributes (154ms)
				ProcessInitializeOnLoadMethodAttributes (59ms)
				AfterProcessingInitializeOnLoad (0ms)
				EditorAssembliesLoaded (0ms)
			ExecutionOrderSort2 (0ms)
			AwakeInstancesAfterBackupRestoration (0ms)
Platform modules already initialized, skipping
Registering precompiled user dll's ...
Registered in 0.017183 seconds.
Begin MonoManager ReloadAssembly
Symbol file LoadedFromMemory doesn't match image C:\Users\Em\Desktop\CMPM 121\cmpm121-homework1\CMPM 121 Homework 1\Library\PackageCache\com.unity.visualscripting@1.7.8\Editor\VisualScripting.Core\Dependencies\YamlDotNet\Unity.VisualScripting.YamlDotNet.dll
Symbol file LoadedFromMemory doesn't match image C:\Users\Em\Desktop\CMPM 121\cmpm121-homework1\CMPM 121 Homework 1\Library\PackageCache\com.unity.visualscripting@1.7.8\Editor\VisualScripting.Core\Dependencies\DotNetZip\Unity.VisualScripting.IonicZip.dll
Native extension for WindowsStandalone target not found
Native extension for WebGL target not found
Refreshing native plugins compatible for Editor in 0.73 ms, found 3 plugins.
Preloading 0 native plugins for Editor in 0.00 ms.
Mono: successfully reloaded assembly
- Completed reload, in  1.196 seconds
Domain Reload Profiling:
	ReloadAssembly (1197ms)
		BeginReloadAssembly (144ms)
			ExecutionOrderSort (0ms)
			DisableScriptedObjects (5ms)
			BackupInstance (0ms)
			ReleaseScriptingObjects (0ms)
			CreateAndSetChildDomain (22ms)
		EndReloadAssembly (927ms)
			LoadAssemblies (99ms)
			RebuildTransferFunctionScriptingTraits (0ms)
			SetupTypeCache (304ms)
			ReleaseScriptCaches (1ms)
			RebuildScriptCaches (73ms)
			SetupLoadedEditorAssemblies (417ms)
				LogAssemblyErrors (0ms)
				InitializePlatformSupportModulesInManaged (9ms)
				SetLoadedEditorAssemblies (1ms)
				RefreshPlugins (1ms)
				BeforeProcessingInitializeOnLoad (109ms)
				ProcessInitializeOnLoadAttributes (257ms)
				ProcessInitializeOnLoadMethodAttributes (31ms)
				AfterProcessingInitializeOnLoad (11ms)
				EditorAssembliesLoaded (0ms)
			ExecutionOrderSort2 (0ms)
			AwakeInstancesAfterBackupRestoration (6ms)
Platform modules already initialized, skipping
========================================================================
Worker process is ready to serve import requests
Launched and connected shader compiler UnityShaderCompiler.exe after 0.05 seconds
Refreshing native plugins compatible for Editor in 0.77 ms, found 3 plugins.
Preloading 0 native plugins for Editor in 0.00 ms.
Unloading 3381 Unused Serialized files (Serialized files now loaded: 0)
Unloading 27 unused Assets / (113.5 KB). Loaded Objects now: 3860.
Memory consumption went from 129.8 MB to 129.7 MB.
Total: 3.876000 ms (FindLiveObjects: 0.432400 ms CreateObjectMapping: 0.186900 ms MarkObjects: 3.119700 ms  DeleteObjects: 0.135600 ms)

AssetImportParameters requested are different than current active one (requested -> active):
  custom:video-decoder-ogg-theora: a1e56fd34408186e4bbccfd4996cb3dc -> 
  custom:container-muxer-webm: aa71ff27fc2769a1b78a27578f13a17b -> 
  custom:container-demuxer-webm: 4f35f7cbe854078d1ac9338744f61a02 -> 
  custom:video-encoder-webm-vp8: eb34c28f22e8b96e1ab97ce403110664 -> 
  custom:audio-encoder-webm-vorbis: bf7c407c2cedff20999df2af8eb42d56 -> 
  custom:framework-win-MediaFoundation: 216162199b28c13a410421893ffa2e32 -> 
  custom:container-demuxer-ogg: 62fdf1f143b41e24485cea50d1cbac27 -> 
  custom:video-decoder-webm-vp8: 9c59270c3fd7afecdb556c50c9e8de78 -> 
  custom:audio-decoder-ogg-vorbis: bf7c407c2cedff20999df2af8eb42d56 -> 
========================================================================
Received Import Request.
  Time since last request: 265862.933215 seconds.
  path: Assets/Models/homework1_ground 1.fbx
  artifactKey: Guid(b4baf418231883c4f9e4d5460d38e2f5) Importer(815301076,1909f56bfc062723c751e8b465ee728b)
Start importing Assets/Models/homework1_ground 1.fbx using Guid(b4baf418231883c4f9e4d5460d38e2f5) Importer(815301076,1909f56bfc062723c751e8b465ee728b)  -> (artifact id: '71d6accb15fa908e1ef361a587902925') in 0.160090 seconds 
========================================================================
Received Import Request.
  Time since last request: 85.889209 seconds.
  path: Assets/Textures/Sand textures pack/Sand 05/Materials
  artifactKey: Guid(4c63425e473969842ab098352a86c4cd) Importer(815301076,1909f56bfc062723c751e8b465ee728b)
Start importing Assets/Textures/Sand textures pack/Sand 05/Materials using Guid(4c63425e473969842ab098352a86c4cd) Importer(815301076,1909f56bfc062723c751e8b465ee728b)  -> (artifact id: '852c169f64b7e44e6545a28066344cc4') in 0.009075 seconds 
========================================================================
Received Import Request.
  Time since last request: 0.082216 seconds.
  path: Assets/Textures/Sand textures pack/Sand 05/Materials/diffuse.mat
  artifactKey: Guid(cc5d02091c36b514097e221d09554730) Importer(815301076,1909f56bfc062723c751e8b465ee728b)
Start importing Assets/Textures/Sand textures pack/Sand 05/Materials/diffuse.mat using Guid(cc5d02091c36b514097e221d09554730) Importer(815301076,1909f56bfc062723c751e8b465ee728b)  -> (artifact id: '41d9bbd512fc857680dccac4ba555ea1') in 0.045425 seconds 
========================================================================
Received Import Request.
  Time since last request: 294.364040 seconds.
  path: Assets/Models/homework1_ground 1.fbx
  artifactKey: Guid(b4baf418231883c4f9e4d5460d38e2f5) Importer(815301076,1909f56bfc062723c751e8b465ee728b)
Start importing Assets/Models/homework1_ground 1.fbx using Guid(b4baf418231883c4f9e4d5460d38e2f5) Importer(815301076,1909f56bfc062723c751e8b465ee728b)  -> (artifact id: '20cf148b5ebd04979050a3589ba0dd9b') in 0.014780 seconds 
========================================================================
Received Import Request.
  Time since last request: 818.997946 seconds.
  path: Assets/Models/Elkhorn_Coral_v1_L1.123c162a38a6-812c-4bfe-93ca-46d6f6fa2d9b
  artifactKey: Guid(5d630e659f60a364f9a124ddbdfdd751) Importer(815301076,1909f56bfc062723c751e8b465ee728b)
Start importing Assets/Models/Elkhorn_Coral_v1_L1.123c162a38a6-812c-4bfe-93ca-46d6f6fa2d9b using Guid(5d630e659f60a364f9a124ddbdfdd751) Importer(815301076,1909f56bfc062723c751e8b465ee728b)  -> (artifact id: 'eb7b8dba79c427292e7c1c6605bf95ed') in 0.002559 seconds 
========================================================================
Received Import Request.
  Time since last request: 613.468805 seconds.
  path: Assets/Models/seashell_obj.obj
  artifactKey: Guid(0f949b29d8232864cad35da6241b5be5) Importer(815301076,1909f56bfc062723c751e8b465ee728b)
Start importing Assets/Models/seashell_obj.obj using Guid(0f949b29d8232864cad35da6241b5be5) Importer(815301076,1909f56bfc062723c751e8b465ee728b)  -> (artifact id: '0e3d80037b8bbae8c9d639e70cd242a9') in 0.054715 seconds 
========================================================================
Received Import Request.
  Time since last request: 29.385123 seconds.
  path: Assets/Textures/textures
  artifactKey: Guid(53da6b67481139e4abf5a68bc4a30196) Importer(815301076,1909f56bfc062723c751e8b465ee728b)
Start importing Assets/Textures/textures using Guid(53da6b67481139e4abf5a68bc4a30196) Importer(815301076,1909f56bfc062723c751e8b465ee728b)  -> (artifact id: '3e47731390a5ecc2be606ea2443f7283') in 0.001941 seconds 
========================================================================
Received Import Request.
  Time since last request: 0.077571 seconds.
  path: Assets/Textures/textures/shell_basecolour.jpg
  artifactKey: Guid(fcd7069d423a1e14590e28798dd41807) Importer(815301076,1909f56bfc062723c751e8b465ee728b)
Start importing Assets/Textures/textures/shell_basecolour.jpg using Guid(fcd7069d423a1e14590e28798dd41807) Importer(815301076,1909f56bfc062723c751e8b465ee728b)  -> (artifact id: 'ebe1e58b92f747d201c9301c7e6df49d') in 0.032823 seconds 
========================================================================
Received Import Request.
  Time since last request: 0.000026 seconds.
  path: Assets/Textures/textures/shell_roughness.png
  artifactKey: Guid(e0733c0a8fa517e48ad7ea1e5d89d0ef) Importer(815301076,1909f56bfc062723c751e8b465ee728b)
Start importing Assets/Textures/textures/shell_roughness.png using Guid(e0733c0a8fa517e48ad7ea1e5d89d0ef) Importer(815301076,1909f56bfc062723c751e8b465ee728b)  -> (artifact id: 'b99be662a7e95997f9d24d176ab1caa9') in 0.022754 seconds 
========================================================================
Received Import Request.
  Time since last request: 0.000027 seconds.
  path: Assets/Textures/textures/shell_normal.png
  artifactKey: Guid(e0900700d8688f742a8f137c6f01340f) Importer(815301076,1909f56bfc062723c751e8b465ee728b)
Start importing Assets/Textures/textures/shell_normal.png using Guid(e0900700d8688f742a8f137c6f01340f) Importer(815301076,1909f56bfc062723c751e8b465ee728b)  -> (artifact id: '5174f6e9a6237b62155f13d2d7d73e75') in 0.014536 seconds 
========================================================================
Received Import Request.
  Time since last request: 12.142320 seconds.
  path: Assets/Textures/Seashell textures
  artifactKey: Guid(53da6b67481139e4abf5a68bc4a30196) Importer(815301076,1909f56bfc062723c751e8b465ee728b)
Start importing Assets/Textures/Seashell textures using Guid(53da6b67481139e4abf5a68bc4a30196) Importer(815301076,1909f56bfc062723c751e8b465ee728b)  -> (artifact id: 'a527fe52a32114b5c8ebe34bafc62a70') in 0.002029 seconds 
========================================================================
Received Import Request.
  Time since last request: 19.309479 seconds.
  path: Assets/Models/seashell_obj.obj
  artifactKey: Guid(0f949b29d8232864cad35da6241b5be5) Importer(815301076,1909f56bfc062723c751e8b465ee728b)
Start importing Assets/Models/seashell_obj.obj using Guid(0f949b29d8232864cad35da6241b5be5) Importer(815301076,1909f56bfc062723c751e8b465ee728b)  -> (artifact id: '7f2c0d05943300e22a6752c086283efc') in 0.045410 seconds 
========================================================================
Received Import Request.
  Time since last request: 8.728888 seconds.
  path: Assets/Models/seashell_obj.obj
  artifactKey: Guid(0f949b29d8232864cad35da6241b5be5) Importer(815301076,1909f56bfc062723c751e8b465ee728b)
Start importing Assets/Models/seashell_obj.obj using Guid(0f949b29d8232864cad35da6241b5be5) Importer(815301076,1909f56bfc062723c751e8b465ee728b)  -> (artifact id: 'c1404aa93763c8f6cb5ac4ddd7607ac8') in 0.046527 seconds 
========================================================================
Received Import Request.
  Time since last request: 668.159406 seconds.
  path: Assets/Models/OBJ
  artifactKey: Guid(dbd5a6df78c08cc4f910386b7138ec2f) Importer(815301076,1909f56bfc062723c751e8b465ee728b)
Start importing Assets/Models/OBJ using Guid(dbd5a6df78c08cc4f910386b7138ec2f) Importer(815301076,1909f56bfc062723c751e8b465ee728b)  -> (artifact id: '64cb216f73b0e12c643c25227c8f4fbc') in 0.002097 seconds 
========================================================================
Received Import Request.
  Time since last request: 1.662187 seconds.
  path: Assets/Models/OBJ/Blue_Feelers_Texture.jpg
  artifactKey: Guid(cedcc2f6fc0c0ef4a8594bec1d8fcf37) Importer(815301076,1909f56bfc062723c751e8b465ee728b)
Start importing Assets/Models/OBJ/Blue_Feelers_Texture.jpg using Guid(cedcc2f6fc0c0ef4a8594bec1d8fcf37) Importer(815301076,1909f56bfc062723c751e8b465ee728b)  -> (artifact id: '1a956c4a699684514e11999b7097d5b7') in 0.015315 seconds 
========================================================================
Received Import Request.
  Time since last request: 0.000024 seconds.
  path: Assets/Models/OBJ/Clownfish_Texture.jpg
  artifactKey: Guid(99b1e60a9cc4b0f4dbf6e6099400facc) Importer(815301076,1909f56bfc062723c751e8b465ee728b)
Start importing Assets/Models/OBJ/Clownfish_Texture.jpg using Guid(99b1e60a9cc4b0f4dbf6e6099400facc) Importer(815301076,1909f56bfc062723c751e8b465ee728b)  -> (artifact id: '36e20ae2852a10dc571f920709c5db3f') in 0.014112 seconds 
========================================================================
Received Import Request.
  Time since last request: 0.000029 seconds.
  path: Assets/Models/OBJ/Red_Feelers1_Texture.jpg
  artifactKey: Guid(623be939b85345c4f937af10ae71d06f) Importer(815301076,1909f56bfc062723c751e8b465ee728b)
Start importing Assets/Models/OBJ/Red_Feelers1_Texture.jpg using Guid(623be939b85345c4f937af10ae71d06f) Importer(815301076,1909f56bfc062723c751e8b465ee728b)  -> (artifact id: '94d14ea29d89be63b9fa4ef7aafee250') in 0.015994 seconds 
========================================================================
Received Import Request.
  Time since last request: 0.000025 seconds.
  path: Assets/Models/OBJ/Under The Sea.obj
  artifactKey: Guid(1c43bb145fb91a6478a2a12853c86cb8) Importer(815301076,1909f56bfc062723c751e8b465ee728b)
Start importing Assets/Models/OBJ/Under The Sea.obj using Guid(1c43bb145fb91a6478a2a12853c86cb8) Importer(815301076,1909f56bfc062723c751e8b465ee728b)  -> (artifact id: '4ee29f7316d46d12ecfaa63f9f5af55d') in 0.550860 seconds 
Editor requested this worker to shutdown with reason: Scaling down because of idle timeout
AssetImportWorker is now disconnected from the server
Process exiting
Exiting without the bug reporter. Application will terminate with return code 0