Using pre-set license
Built from '2021.3/staging' branch; Version is '2021.3.10f1 (1c7d0df0160b) revision 1867021'; Using compiler version '192829333'; Build Type 'Release'
OS: 'Windows 10  (10.0.19044) 64bit Core' Language: 'en' Physical Memory: 16085 MB
BatchMode: 1, IsHumanControllingUs: 0, StartBugReporterOnCrash: 0, Is64bit: 1, IsPro: 1

COMMAND LINE ARGUMENTS:
C:\Program Files\Unity\Hub\Editor\2021.3.10f1\Editor\Unity.exe
-adb2
-batchMode
-noUpm
-name
AssetImportWorker2
-projectPath
C:/Users/Em/Desktop/CMPM 121/cmpm121-homework1/CMPM 121 Homework 1
-logFile
Logs/AssetImportWorker2.log
-srvPort
58612
Successfully changed project path to: C:/Users/Em/Desktop/CMPM 121/cmpm121-homework1/CMPM 121 Homework 1
C:/Users/Em/Desktop/CMPM 121/cmpm121-homework1/CMPM 121 Homework 1
[UnityMemory] Configuration Parameters - Can be set up in boot.config
    "memorysetup-bucket-allocator-granularity=16"
    "memorysetup-bucket-allocator-bucket-count=8"
    "memorysetup-bucket-allocator-block-size=33554432"
    "memorysetup-bucket-allocator-block-count=8"
    "memorysetup-main-allocator-block-size=16777216"
    "memorysetup-thread-allocator-block-size=16777216"
    "memorysetup-gfx-main-allocator-block-size=16777216"
    "memorysetup-gfx-thread-allocator-block-size=16777216"
    "memorysetup-cache-allocator-block-size=4194304"
    "memorysetup-typetree-allocator-block-size=2097152"
    "memorysetup-profiler-bucket-allocator-granularity=16"
    "memorysetup-profiler-bucket-allocator-bucket-count=8"
    "memorysetup-profiler-bucket-allocator-block-size=33554432"
    "memorysetup-profiler-bucket-allocator-block-count=8"
    "memorysetup-profiler-allocator-block-size=16777216"
    "memorysetup-profiler-editor-allocator-block-size=1048576"
    "memorysetup-temp-allocator-size-main=16777216"
    "memorysetup-job-temp-allocator-block-size=2097152"
    "memorysetup-job-temp-allocator-block-size-background=1048576"
    "memorysetup-job-temp-allocator-reduction-small-platforms=262144"
    "memorysetup-temp-allocator-size-background-worker=32768"
    "memorysetup-temp-allocator-size-job-worker=262144"
    "memorysetup-temp-allocator-size-preload-manager=33554432"
    "memorysetup-temp-allocator-size-nav-mesh-worker=65536"
    "memorysetup-temp-allocator-size-audio-worker=65536"
    "memorysetup-temp-allocator-size-cloud-worker=32768"
    "memorysetup-temp-allocator-size-gi-baking-worker=262144"
    "memorysetup-temp-allocator-size-gfx=262144"
Refreshing native plugins compatible for Editor in 107.31 ms, found 3 plugins.
Preloading 0 native plugins for Editor in 0.00 ms.
Initialize engine version: 2021.3.10f1 (1c7d0df0160b)
[Subsystems] Discovering subsystems at path C:/Program Files/Unity/Hub/Editor/2021.3.10f1/Editor/Data/Resources/UnitySubsystems
[Subsystems] Discovering subsystems at path C:/Users/Em/Desktop/CMPM 121/cmpm121-homework1/CMPM 121 Homework 1/Assets
GfxDevice: creating device client; threaded=0; jobified=0
Direct3D:
    Version:  Direct3D 11.0 [level 11.1]
    Renderer: NVIDIA GeForce RTX 3060 Laptop GPU (ID=0x2520)
    Vendor:   NVIDIA
    VRAM:     6023 MB
    Driver:   31.0.15.1659
Initialize mono
Mono path[0] = 'C:/Program Files/Unity/Hub/Editor/2021.3.10f1/Editor/Data/Managed'
Mono path[1] = 'C:/Program Files/Unity/Hub/Editor/2021.3.10f1/Editor/Data/MonoBleedingEdge/lib/mono/unityjit-win32'
Mono config path = 'C:/Program Files/Unity/Hub/Editor/2021.3.10f1/Editor/Data/MonoBleedingEdge/etc'
Using monoOptions --debugger-agent=transport=dt_socket,embedding=1,server=y,suspend=n,address=127.0.0.1:56272
Begin MonoManager ReloadAssembly
Registering precompiled unity dll's ...
Register platform support module: C:/Program Files/Unity/Hub/Editor/2021.3.10f1/Editor/Data/PlaybackEngines/WebGLSupport/UnityEditor.WebGL.Extensions.dll
Register platform support module: C:/Program Files/Unity/Hub/Editor/2021.3.10f1/Editor/Data/PlaybackEngines/WindowsStandaloneSupport/UnityEditor.WindowsStandalone.Extensions.dll
Registered in 0.010419 seconds.
Native extension for WindowsStandalone target not found
Native extension for WebGL target not found
Refreshing native plugins compatible for Editor in 106.60 ms, found 3 plugins.
Preloading 0 native plugins for Editor in 0.00 ms.
Mono: successfully reloaded assembly
- Completed reload, in  0.666 seconds
Domain Reload Profiling:
	ReloadAssembly (667ms)
		BeginReloadAssembly (68ms)
			ExecutionOrderSort (0ms)
			DisableScriptedObjects (0ms)
			BackupInstance (0ms)
			ReleaseScriptingObjects (0ms)
			CreateAndSetChildDomain (1ms)
		EndReloadAssembly (504ms)
			LoadAssemblies (66ms)
			RebuildTransferFunctionScriptingTraits (0ms)
			SetupTypeCache (118ms)
			ReleaseScriptCaches (0ms)
			RebuildScriptCaches (32ms)
			SetupLoadedEditorAssemblies (314ms)
				LogAssemblyErrors (0ms)
				InitializePlatformSupportModulesInManaged (8ms)
				SetLoadedEditorAssemblies (0ms)
				RefreshPlugins (107ms)
				BeforeProcessingInitializeOnLoad (2ms)
				ProcessInitializeOnLoadAttributes (155ms)
				ProcessInitializeOnLoadMethodAttributes (43ms)
				AfterProcessingInitializeOnLoad (0ms)
				EditorAssembliesLoaded (0ms)
			ExecutionOrderSort2 (0ms)
			AwakeInstancesAfterBackupRestoration (0ms)
Platform modules already initialized, skipping
Registering precompiled user dll's ...
Registered in 0.006030 seconds.
Begin MonoManager ReloadAssembly
Symbol file LoadedFromMemory doesn't match image C:\Users\Em\Desktop\CMPM 121\cmpm121-homework1\CMPM 121 Homework 1\Library\PackageCache\com.unity.visualscripting@1.7.8\Editor\VisualScripting.Core\Dependencies\YamlDotNet\Unity.VisualScripting.YamlDotNet.dll
Symbol file LoadedFromMemory doesn't match image C:\Users\Em\Desktop\CMPM 121\cmpm121-homework1\CMPM 121 Homework 1\Library\PackageCache\com.unity.visualscripting@1.7.8\Editor\VisualScripting.Core\Dependencies\DotNetZip\Unity.VisualScripting.IonicZip.dll
Native extension for WindowsStandalone target not found
Native extension for WebGL target not found
Refreshing native plugins compatible for Editor in 0.91 ms, found 3 plugins.
Preloading 0 native plugins for Editor in 0.00 ms.
Mono: successfully reloaded assembly
- Completed reload, in  1.122 seconds
Domain Reload Profiling:
	ReloadAssembly (1122ms)
		BeginReloadAssembly (120ms)
			ExecutionOrderSort (0ms)
			DisableScriptedObjects (5ms)
			BackupInstance (0ms)
			ReleaseScriptingObjects (0ms)
			CreateAndSetChildDomain (20ms)
		EndReloadAssembly (858ms)
			LoadAssemblies (101ms)
			RebuildTransferFunctionScriptingTraits (0ms)
			SetupTypeCache (287ms)
			ReleaseScriptCaches (1ms)
			RebuildScriptCaches (56ms)
			SetupLoadedEditorAssemblies (385ms)
				LogAssemblyErrors (0ms)
				InitializePlatformSupportModulesInManaged (9ms)
				SetLoadedEditorAssemblies (1ms)
				RefreshPlugins (1ms)
				BeforeProcessingInitializeOnLoad (86ms)
				ProcessInitializeOnLoadAttributes (246ms)
				ProcessInitializeOnLoadMethodAttributes (32ms)
				AfterProcessingInitializeOnLoad (10ms)
				EditorAssembliesLoaded (0ms)
			ExecutionOrderSort2 (0ms)
			AwakeInstancesAfterBackupRestoration (7ms)
Platform modules already initialized, skipping
========================================================================
Worker process is ready to serve import requests
Launched and connected shader compiler UnityShaderCompiler.exe after 0.05 seconds
Refreshing native plugins compatible for Editor in 0.84 ms, found 3 plugins.
Preloading 0 native plugins for Editor in 0.00 ms.
Unloading 3381 Unused Serialized files (Serialized files now loaded: 0)
Unloading 27 unused Assets / (113.6 KB). Loaded Objects now: 3860.
Memory consumption went from 129.8 MB to 129.7 MB.
Total: 3.836000 ms (FindLiveObjects: 0.306700 ms CreateObjectMapping: 0.157800 ms MarkObjects: 3.171800 ms  DeleteObjects: 0.198100 ms)

AssetImportParameters requested are different than current active one (requested -> active):
  custom:video-decoder-ogg-theora: a1e56fd34408186e4bbccfd4996cb3dc -> 
  custom:container-muxer-webm: aa71ff27fc2769a1b78a27578f13a17b -> 
  custom:container-demuxer-webm: 4f35f7cbe854078d1ac9338744f61a02 -> 
  custom:video-encoder-webm-vp8: eb34c28f22e8b96e1ab97ce403110664 -> 
  custom:audio-encoder-webm-vorbis: bf7c407c2cedff20999df2af8eb42d56 -> 
  custom:framework-win-MediaFoundation: 216162199b28c13a410421893ffa2e32 -> 
  custom:container-demuxer-ogg: 62fdf1f143b41e24485cea50d1cbac27 -> 
  custom:video-decoder-webm-vp8: 9c59270c3fd7afecdb556c50c9e8de78 -> 
  custom:audio-decoder-ogg-vorbis: bf7c407c2cedff20999df2af8eb42d56 -> 
========================================================================
Received Import Request.
  Time since last request: 268419.629623 seconds.
  path: Assets/Models/OBJ/Under The Sea.mtl
  artifactKey: Guid(676c0129f5acf9448b6e56aa230906cf) Importer(815301076,1909f56bfc062723c751e8b465ee728b)
Start importing Assets/Models/OBJ/Under The Sea.mtl using Guid(676c0129f5acf9448b6e56aa230906cf) Importer(815301076,1909f56bfc062723c751e8b465ee728b)  -> (artifact id: '48d8fe4cbd3eadb5a9c06abc71290885') in 0.032417 seconds 
========================================================================
Received Import Request.
  Time since last request: 27.509834 seconds.
  path: Assets/Models/OBJ/Under The Sea.obj
  artifactKey: Guid(1c43bb145fb91a6478a2a12853c86cb8) Importer(815301076,1909f56bfc062723c751e8b465ee728b)
Start importing Assets/Models/OBJ/Under The Sea.obj using Guid(1c43bb145fb91a6478a2a12853c86cb8) Importer(815301076,1909f56bfc062723c751e8b465ee728b)  -> (artifact id: '7838394057d8a928b61b347818691960') in 0.581617 seconds 
========================================================================
Received Import Request.
  Time since last request: 998.972310 seconds.
  path: Assets/Models/uploads_files_2348848_coral.OBJ
  artifactKey: Guid(718b2e20658212e4fa5eee6fbacc738b) Importer(815301076,1909f56bfc062723c751e8b465ee728b)
Start importing Assets/Models/uploads_files_2348848_coral.OBJ using Guid(718b2e20658212e4fa5eee6fbacc738b) Importer(815301076,1909f56bfc062723c751e8b465ee728b)  -> (artifact id: '69ef6c9d83e75b75134a679aefc9d1f6') in 0.072651 seconds 
========================================================================
Received Import Request.
  Time since last request: 91.131974 seconds.
  path: Assets/Models/uploads_files_2348848_coral.OBJ
  artifactKey: Guid(718b2e20658212e4fa5eee6fbacc738b) Importer(815301076,1909f56bfc062723c751e8b465ee728b)
Start importing Assets/Models/uploads_files_2348848_coral.OBJ using Guid(718b2e20658212e4fa5eee6fbacc738b) Importer(815301076,1909f56bfc062723c751e8b465ee728b)  -> (artifact id: 'b801626b6ddb1f02c688bc522205d955') in 0.056366 seconds 
========================================================================
Received Import Request.
  Time since last request: 39.182122 seconds.
  path: Assets/Models/uploads_files_2348848_coral.OBJ
  artifactKey: Guid(718b2e20658212e4fa5eee6fbacc738b) Importer(815301076,1909f56bfc062723c751e8b465ee728b)
Start importing Assets/Models/uploads_files_2348848_coral.OBJ using Guid(718b2e20658212e4fa5eee6fbacc738b) Importer(815301076,1909f56bfc062723c751e8b465ee728b)  -> (artifact id: '0ddec9264dc01809fdf470c19f77e1ef') in 0.061066 seconds 
========================================================================
Received Import Request.
  Time since last request: 1166.145982 seconds.
  path: Assets/Models/uploads_files_2301153_seaweedList.fbx
  artifactKey: Guid(188c900dbfc81c3459669103bbc4076b) Importer(815301076,1909f56bfc062723c751e8b465ee728b)
Start importing Assets/Models/uploads_files_2301153_seaweedList.fbx using Guid(188c900dbfc81c3459669103bbc4076b) Importer(815301076,1909f56bfc062723c751e8b465ee728b)  -> (artifact id: 'ccf75720be170e8a09b43494e844af1a') in 0.156714 seconds 
========================================================================
Received Import Request.
  Time since last request: 20.171422 seconds.
  path: Assets/Materials/uploads_files_2301153_seaweedList.mtl
  artifactKey: Guid(36ca94fa9d972774c948f377c968a0dd) Importer(815301076,1909f56bfc062723c751e8b465ee728b)
Start importing Assets/Materials/uploads_files_2301153_seaweedList.mtl using Guid(36ca94fa9d972774c948f377c968a0dd) Importer(815301076,1909f56bfc062723c751e8b465ee728b)  -> (artifact id: '3959119d93e5bd637070022def7e666a') in 0.002567 seconds 
========================================================================
Received Import Request.
  Time since last request: 68.745013 seconds.
  path: Assets/Textures/seaweed_diffuse.png
  artifactKey: Guid(7ecd3b6b4e854d346b8278ce056893f6) Importer(815301076,1909f56bfc062723c751e8b465ee728b)
Start importing Assets/Textures/seaweed_diffuse.png using Guid(7ecd3b6b4e854d346b8278ce056893f6) Importer(815301076,1909f56bfc062723c751e8b465ee728b)  -> (artifact id: '92df6b500d8c35365201a7065fc25aeb') in 0.066293 seconds 
========================================================================
Received Import Request.
  Time since last request: 2.669231 seconds.
  path: Assets/Textures/seaweed_normals.jpg
  artifactKey: Guid(31723b1863ccef5488b4d999196b6247) Importer(815301076,1909f56bfc062723c751e8b465ee728b)
Start importing Assets/Textures/seaweed_normals.jpg using Guid(31723b1863ccef5488b4d999196b6247) Importer(815301076,1909f56bfc062723c751e8b465ee728b)  -> (artifact id: '20be880259a669e143058da29aa7fd15') in 0.015199 seconds 
========================================================================
Received Prepare
Registering precompiled user dll's ...
Registered in 0.005407 seconds.
Begin MonoManager ReloadAssembly
Symbol file LoadedFromMemory doesn't match image C:\Users\Em\Desktop\CMPM 121\cmpm121-homework1\CMPM 121 Homework 1\Library\PackageCache\com.unity.visualscripting@1.7.8\Editor\VisualScripting.Core\Dependencies\YamlDotNet\Unity.VisualScripting.YamlDotNet.dll
Symbol file LoadedFromMemory doesn't match image C:\Users\Em\Desktop\CMPM 121\cmpm121-homework1\CMPM 121 Homework 1\Library\PackageCache\com.unity.visualscripting@1.7.8\Editor\VisualScripting.Core\Dependencies\DotNetZip\Unity.VisualScripting.IonicZip.dll
Native extension for WindowsStandalone target not found
Native extension for WebGL target not found
Refreshing native plugins compatible for Editor in 0.63 ms, found 3 plugins.
Preloading 0 native plugins for Editor in 0.00 ms.
Mono: successfully reloaded assembly
- Completed reload, in  1.021 seconds
Domain Reload Profiling:
	ReloadAssembly (1022ms)
		BeginReloadAssembly (200ms)
			ExecutionOrderSort (0ms)
			DisableScriptedObjects (8ms)
			BackupInstance (0ms)
			ReleaseScriptingObjects (0ms)
			CreateAndSetChildDomain (82ms)
		EndReloadAssembly (723ms)
			LoadAssemblies (96ms)
			RebuildTransferFunctionScriptingTraits (0ms)
			SetupTypeCache (274ms)
			ReleaseScriptCaches (2ms)
			RebuildScriptCaches (38ms)
			SetupLoadedEditorAssemblies (282ms)
				LogAssemblyErrors (0ms)
				InitializePlatformSupportModulesInManaged (14ms)
				SetLoadedEditorAssemblies (0ms)
				RefreshPlugins (1ms)
				BeforeProcessingInitializeOnLoad (62ms)
				ProcessInitializeOnLoadAttributes (174ms)
				ProcessInitializeOnLoadMethodAttributes (23ms)
				AfterProcessingInitializeOnLoad (7ms)
				EditorAssembliesLoaded (0ms)
			ExecutionOrderSort2 (0ms)
			AwakeInstancesAfterBackupRestoration (6ms)
Platform modules already initialized, skipping
Refreshing native plugins compatible for Editor in 2.37 ms, found 3 plugins.
Preloading 0 native plugins for Editor in 0.00 ms.
Unloading 3376 Unused Serialized files (Serialized files now loaded: 0)
Unloading 20 unused Assets / (80.2 KB). Loaded Objects now: 3910.
Memory consumption went from 147.2 MB to 147.2 MB.
Total: 3.893500 ms (FindLiveObjects: 0.344400 ms CreateObjectMapping: 0.209300 ms MarkObjects: 3.245100 ms  DeleteObjects: 0.077000 ms)

AssetImportParameters requested are different than current active one (requested -> active):
  custom:video-decoder-ogg-theora: a1e56fd34408186e4bbccfd4996cb3dc -> 
  custom:container-muxer-webm: aa71ff27fc2769a1b78a27578f13a17b -> 
  custom:container-demuxer-webm: 4f35f7cbe854078d1ac9338744f61a02 -> 
  custom:video-encoder-webm-vp8: eb34c28f22e8b96e1ab97ce403110664 -> 
  custom:audio-encoder-webm-vorbis: bf7c407c2cedff20999df2af8eb42d56 -> 
  custom:framework-win-MediaFoundation: 216162199b28c13a410421893ffa2e32 -> 
  custom:container-demuxer-ogg: 62fdf1f143b41e24485cea50d1cbac27 -> 
  custom:video-decoder-webm-vp8: 9c59270c3fd7afecdb556c50c9e8de78 -> 
  custom:audio-decoder-ogg-vorbis: bf7c407c2cedff20999df2af8eb42d56 -> 
========================================================================
Received Import Request.
  Time since last request: 326.247213 seconds.
  path: Assets/Textures/Seaweed Textures
  artifactKey: Guid(bc75e47e9eb4f88428d0597796c41d7a) Importer(815301076,1909f56bfc062723c751e8b465ee728b)
Start importing Assets/Textures/Seaweed Textures using Guid(bc75e47e9eb4f88428d0597796c41d7a) Importer(815301076,1909f56bfc062723c751e8b465ee728b)  -> (artifact id: '13a88c4dd3eaeba6eee1add07b1a5c6e') in 0.006871 seconds 
========================================================================
Received Import Request.
  Time since last request: 192.803926 seconds.
  path: Assets/Textures/SkySeries Freebie/FreebieHdri/Materials/UnderTheSea4k.mat
  artifactKey: Guid(8012b34a7e7d04a41a17a319385f95e0) Importer(815301076,1909f56bfc062723c751e8b465ee728b)
Start importing Assets/Textures/SkySeries Freebie/FreebieHdri/Materials/UnderTheSea4k.mat using Guid(8012b34a7e7d04a41a17a319385f95e0) Importer(815301076,1909f56bfc062723c751e8b465ee728b)  -> (artifact id: 'f251bc2dbf767a2fb9c20b1e0eabca71') in 0.102140 seconds 
========================================================================
Received Import Request.
  Time since last request: 3.808964 seconds.
  path: Assets/Models/uploads_files_2301153_seaweedList.fbx
  artifactKey: Guid(188c900dbfc81c3459669103bbc4076b) Importer(815301076,1909f56bfc062723c751e8b465ee728b)
Start importing Assets/Models/uploads_files_2301153_seaweedList.fbx using Guid(188c900dbfc81c3459669103bbc4076b) Importer(815301076,1909f56bfc062723c751e8b465ee728b)  -> (artifact id: 'b25e7d7b559064a618c2ddf9899926bd') in 0.090566 seconds 
========================================================================
Received Import Request.
  Time since last request: 212.715788 seconds.
  path: Assets/Textures/skyrender.png
  artifactKey: Guid(7448afbbc67a34145bb76653a51fa474) Importer(815301076,1909f56bfc062723c751e8b465ee728b)
Start importing Assets/Textures/skyrender.png using Guid(7448afbbc67a34145bb76653a51fa474) Importer(815301076,1909f56bfc062723c751e8b465ee728b)  -> (artifact id: 'e0ac9091677a5eec3e481daae7b8fc9f') in 0.059478 seconds 
========================================================================
Received Prepare
Registering precompiled user dll's ...
Registered in 0.007469 seconds.
Begin MonoManager ReloadAssembly
Symbol file LoadedFromMemory doesn't match image C:\Users\Em\Desktop\CMPM 121\cmpm121-homework1\CMPM 121 Homework 1\Library\PackageCache\com.unity.visualscripting@1.7.8\Editor\VisualScripting.Core\Dependencies\YamlDotNet\Unity.VisualScripting.YamlDotNet.dll
Symbol file LoadedFromMemory doesn't match image C:\Users\Em\Desktop\CMPM 121\cmpm121-homework1\CMPM 121 Homework 1\Library\PackageCache\com.unity.visualscripting@1.7.8\Editor\VisualScripting.Core\Dependencies\DotNetZip\Unity.VisualScripting.IonicZip.dll
Native extension for WindowsStandalone target not found
Native extension for WebGL target not found
Refreshing native plugins compatible for Editor in 0.55 ms, found 3 plugins.
Preloading 0 native plugins for Editor in 0.00 ms.
Mono: successfully reloaded assembly
- Completed reload, in  0.911 seconds
Domain Reload Profiling:
	ReloadAssembly (912ms)
		BeginReloadAssembly (147ms)
			ExecutionOrderSort (0ms)
			DisableScriptedObjects (5ms)
			BackupInstance (0ms)
			ReleaseScriptingObjects (0ms)
			CreateAndSetChildDomain (38ms)
		EndReloadAssembly (670ms)
			LoadAssemblies (96ms)
			RebuildTransferFunctionScriptingTraits (0ms)
			SetupTypeCache (236ms)
			ReleaseScriptCaches (2ms)
			RebuildScriptCaches (35ms)
			SetupLoadedEditorAssemblies (289ms)
				LogAssemblyErrors (0ms)
				InitializePlatformSupportModulesInManaged (12ms)
				SetLoadedEditorAssemblies (0ms)
				RefreshPlugins (1ms)
				BeforeProcessingInitializeOnLoad (64ms)
				ProcessInitializeOnLoadAttributes (178ms)
				ProcessInitializeOnLoadMethodAttributes (26ms)
				AfterProcessingInitializeOnLoad (8ms)
				EditorAssembliesLoaded (0ms)
			ExecutionOrderSort2 (0ms)
			AwakeInstancesAfterBackupRestoration (5ms)
Platform modules already initialized, skipping
Refreshing native plugins compatible for Editor in 1.72 ms, found 3 plugins.
Preloading 0 native plugins for Editor in 0.00 ms.
Unloading 3376 Unused Serialized files (Serialized files now loaded: 0)
Unloading 20 unused Assets / (80.1 KB). Loaded Objects now: 3914.
Memory consumption went from 147.3 MB to 147.2 MB.
Total: 2.487700 ms (FindLiveObjects: 0.208900 ms CreateObjectMapping: 0.094000 ms MarkObjects: 2.105400 ms  DeleteObjects: 0.078500 ms)

AssetImportParameters requested are different than current active one (requested -> active):
  custom:video-decoder-ogg-theora: a1e56fd34408186e4bbccfd4996cb3dc -> 
  custom:container-muxer-webm: aa71ff27fc2769a1b78a27578f13a17b -> 
  custom:container-demuxer-webm: 4f35f7cbe854078d1ac9338744f61a02 -> 
  custom:video-encoder-webm-vp8: eb34c28f22e8b96e1ab97ce403110664 -> 
  custom:audio-encoder-webm-vorbis: bf7c407c2cedff20999df2af8eb42d56 -> 
  custom:framework-win-MediaFoundation: 216162199b28c13a410421893ffa2e32 -> 
  custom:container-demuxer-ogg: 62fdf1f143b41e24485cea50d1cbac27 -> 
  custom:video-decoder-webm-vp8: 9c59270c3fd7afecdb556c50c9e8de78 -> 
  custom:audio-decoder-ogg-vorbis: bf7c407c2cedff20999df2af8eb42d56 -> 
