Using pre-set license
Built from '2021.3/staging' branch; Version is '2021.3.10f1 (1c7d0df0160b) revision 1867021'; Using compiler version '192829333'; Build Type 'Release'
OS: 'Windows 10  (10.0.19044) 64bit Core' Language: 'en' Physical Memory: 16085 MB
BatchMode: 1, IsHumanControllingUs: 0, StartBugReporterOnCrash: 0, Is64bit: 1, IsPro: 1

COMMAND LINE ARGUMENTS:
C:\Program Files\Unity\Hub\Editor\2021.3.10f1\Editor\Unity.exe
-adb2
-batchMode
-noUpm
-name
AssetImportWorker1
-projectPath
C:/Users/Em/Desktop/CMPM 121/cmpm121-homework1/CMPM 121 Homework 1
-logFile
Logs/AssetImportWorker1.log
-srvPort
59933
Successfully changed project path to: C:/Users/Em/Desktop/CMPM 121/cmpm121-homework1/CMPM 121 Homework 1
C:/Users/Em/Desktop/CMPM 121/cmpm121-homework1/CMPM 121 Homework 1
[UnityMemory] Configuration Parameters - Can be set up in boot.config
    "memorysetup-bucket-allocator-granularity=16"
    "memorysetup-bucket-allocator-bucket-count=8"
    "memorysetup-bucket-allocator-block-size=33554432"
    "memorysetup-bucket-allocator-block-count=8"
    "memorysetup-main-allocator-block-size=16777216"
    "memorysetup-thread-allocator-block-size=16777216"
    "memorysetup-gfx-main-allocator-block-size=16777216"
    "memorysetup-gfx-thread-allocator-block-size=16777216"
    "memorysetup-cache-allocator-block-size=4194304"
    "memorysetup-typetree-allocator-block-size=2097152"
    "memorysetup-profiler-bucket-allocator-granularity=16"
    "memorysetup-profiler-bucket-allocator-bucket-count=8"
    "memorysetup-profiler-bucket-allocator-block-size=33554432"
    "memorysetup-profiler-bucket-allocator-block-count=8"
    "memorysetup-profiler-allocator-block-size=16777216"
    "memorysetup-profiler-editor-allocator-block-size=1048576"
    "memorysetup-temp-allocator-size-main=16777216"
    "memorysetup-job-temp-allocator-block-size=2097152"
    "memorysetup-job-temp-allocator-block-size-background=1048576"
    "memorysetup-job-temp-allocator-reduction-small-platforms=262144"
    "memorysetup-temp-allocator-size-background-worker=32768"
    "memorysetup-temp-allocator-size-job-worker=262144"
    "memorysetup-temp-allocator-size-preload-manager=33554432"
    "memorysetup-temp-allocator-size-nav-mesh-worker=65536"
    "memorysetup-temp-allocator-size-audio-worker=65536"
    "memorysetup-temp-allocator-size-cloud-worker=32768"
    "memorysetup-temp-allocator-size-gi-baking-worker=262144"
    "memorysetup-temp-allocator-size-gfx=262144"
Refreshing native plugins compatible for Editor in 86.05 ms, found 3 plugins.
Preloading 0 native plugins for Editor in 0.00 ms.
Initialize engine version: 2021.3.10f1 (1c7d0df0160b)
[Subsystems] Discovering subsystems at path C:/Program Files/Unity/Hub/Editor/2021.3.10f1/Editor/Data/Resources/UnitySubsystems
[Subsystems] Discovering subsystems at path C:/Users/Em/Desktop/CMPM 121/cmpm121-homework1/CMPM 121 Homework 1/Assets
GfxDevice: creating device client; threaded=0; jobified=0
Direct3D:
    Version:  Direct3D 11.0 [level 11.1]
    Renderer: NVIDIA GeForce RTX 3060 Laptop GPU (ID=0x2520)
    Vendor:   NVIDIA
    VRAM:     6023 MB
    Driver:   31.0.15.1659
Initialize mono
Mono path[0] = 'C:/Program Files/Unity/Hub/Editor/2021.3.10f1/Editor/Data/Managed'
Mono path[1] = 'C:/Program Files/Unity/Hub/Editor/2021.3.10f1/Editor/Data/MonoBleedingEdge/lib/mono/unityjit-win32'
Mono config path = 'C:/Program Files/Unity/Hub/Editor/2021.3.10f1/Editor/Data/MonoBleedingEdge/etc'
Using monoOptions --debugger-agent=transport=dt_socket,embedding=1,server=y,suspend=n,address=127.0.0.1:56376
Begin MonoManager ReloadAssembly
Registering precompiled unity dll's ...
Register platform support module: C:/Program Files/Unity/Hub/Editor/2021.3.10f1/Editor/Data/PlaybackEngines/WebGLSupport/UnityEditor.WebGL.Extensions.dll
Register platform support module: C:/Program Files/Unity/Hub/Editor/2021.3.10f1/Editor/Data/PlaybackEngines/WindowsStandaloneSupport/UnityEditor.WindowsStandalone.Extensions.dll
Registered in 0.011132 seconds.
Native extension for WindowsStandalone target not found
Native extension for WebGL target not found
Refreshing native plugins compatible for Editor in 84.58 ms, found 3 plugins.
Preloading 0 native plugins for Editor in 0.00 ms.
Mono: successfully reloaded assembly
- Completed reload, in  0.759 seconds
Domain Reload Profiling:
	ReloadAssembly (760ms)
		BeginReloadAssembly (100ms)
			ExecutionOrderSort (0ms)
			DisableScriptedObjects (0ms)
			BackupInstance (0ms)
			ReleaseScriptingObjects (0ms)
			CreateAndSetChildDomain (1ms)
		EndReloadAssembly (521ms)
			LoadAssemblies (97ms)
			RebuildTransferFunctionScriptingTraits (1ms)
			SetupTypeCache (132ms)
			ReleaseScriptCaches (0ms)
			RebuildScriptCaches (31ms)
			SetupLoadedEditorAssemblies (307ms)
				LogAssemblyErrors (0ms)
				InitializePlatformSupportModulesInManaged (13ms)
				SetLoadedEditorAssemblies (0ms)
				RefreshPlugins (85ms)
				BeforeProcessingInitializeOnLoad (1ms)
				ProcessInitializeOnLoadAttributes (149ms)
				ProcessInitializeOnLoadMethodAttributes (59ms)
				AfterProcessingInitializeOnLoad (0ms)
				EditorAssembliesLoaded (0ms)
			ExecutionOrderSort2 (0ms)
			AwakeInstancesAfterBackupRestoration (0ms)
Platform modules already initialized, skipping
Registering precompiled user dll's ...
Registered in 0.007594 seconds.
Begin MonoManager ReloadAssembly
Symbol file LoadedFromMemory doesn't match image C:\Users\Em\Desktop\CMPM 121\cmpm121-homework1\CMPM 121 Homework 1\Library\PackageCache\com.unity.visualscripting@1.7.8\Editor\VisualScripting.Core\Dependencies\YamlDotNet\Unity.VisualScripting.YamlDotNet.dll
Symbol file LoadedFromMemory doesn't match image C:\Users\Em\Desktop\CMPM 121\cmpm121-homework1\CMPM 121 Homework 1\Library\PackageCache\com.unity.visualscripting@1.7.8\Editor\VisualScripting.Core\Dependencies\DotNetZip\Unity.VisualScripting.IonicZip.dll
Native extension for WindowsStandalone target not found
Native extension for WebGL target not found
Refreshing native plugins compatible for Editor in 0.81 ms, found 3 plugins.
Preloading 0 native plugins for Editor in 0.00 ms.
Mono: successfully reloaded assembly
- Completed reload, in  1.278 seconds
Domain Reload Profiling:
	ReloadAssembly (1279ms)
		BeginReloadAssembly (133ms)
			ExecutionOrderSort (0ms)
			DisableScriptedObjects (7ms)
			BackupInstance (0ms)
			ReleaseScriptingObjects (0ms)
			CreateAndSetChildDomain (23ms)
		EndReloadAssembly (1015ms)
			LoadAssemblies (124ms)
			RebuildTransferFunctionScriptingTraits (0ms)
			SetupTypeCache (307ms)
			ReleaseScriptCaches (1ms)
			RebuildScriptCaches (67ms)
			SetupLoadedEditorAssemblies (488ms)
				LogAssemblyErrors (0ms)
				InitializePlatformSupportModulesInManaged (9ms)
				SetLoadedEditorAssemblies (0ms)
				RefreshPlugins (1ms)
				BeforeProcessingInitializeOnLoad (113ms)
				ProcessInitializeOnLoadAttributes (319ms)
				ProcessInitializeOnLoadMethodAttributes (35ms)
				AfterProcessingInitializeOnLoad (10ms)
				EditorAssembliesLoaded (0ms)
			ExecutionOrderSort2 (0ms)
			AwakeInstancesAfterBackupRestoration (7ms)
Platform modules already initialized, skipping
========================================================================
Worker process is ready to serve import requests
Launched and connected shader compiler UnityShaderCompiler.exe after 0.05 seconds
Refreshing native plugins compatible for Editor in 0.79 ms, found 3 plugins.
Preloading 0 native plugins for Editor in 0.00 ms.
Unloading 3382 Unused Serialized files (Serialized files now loaded: 0)
Unloading 27 unused Assets / (113.6 KB). Loaded Objects now: 3861.
Memory consumption went from 129.8 MB to 129.7 MB.
Total: 3.087700 ms (FindLiveObjects: 0.234900 ms CreateObjectMapping: 0.085500 ms MarkObjects: 2.669000 ms  DeleteObjects: 0.097300 ms)

AssetImportParameters requested are different than current active one (requested -> active):
  custom:video-decoder-ogg-theora: a1e56fd34408186e4bbccfd4996cb3dc -> 
  custom:container-muxer-webm: aa71ff27fc2769a1b78a27578f13a17b -> 
  custom:container-demuxer-webm: 4f35f7cbe854078d1ac9338744f61a02 -> 
  custom:video-encoder-webm-vp8: eb34c28f22e8b96e1ab97ce403110664 -> 
  custom:audio-encoder-webm-vorbis: bf7c407c2cedff20999df2af8eb42d56 -> 
  custom:framework-win-MediaFoundation: 216162199b28c13a410421893ffa2e32 -> 
  custom:container-demuxer-ogg: 62fdf1f143b41e24485cea50d1cbac27 -> 
  custom:video-decoder-webm-vp8: 9c59270c3fd7afecdb556c50c9e8de78 -> 
  custom:audio-decoder-ogg-vorbis: bf7c407c2cedff20999df2af8eb42d56 -> 
========================================================================
Received Import Request.
  Time since last request: 276541.512484 seconds.
  path: Assets/Models/uploads_files_1992152_Lowpoly_Starfish.fbx
  artifactKey: Guid(6cc6f4551549971499ab03cc8ea7f512) Importer(815301076,1909f56bfc062723c751e8b465ee728b)
Start importing Assets/Models/uploads_files_1992152_Lowpoly_Starfish.fbx using Guid(6cc6f4551549971499ab03cc8ea7f512) Importer(815301076,1909f56bfc062723c751e8b465ee728b)  -> (artifact id: '5032c94e694a58301a8b7219066844dd') in 3.365520 seconds 
========================================================================
Received Import Request.
  Time since last request: 1289.522251 seconds.
  path: Assets/Models/TropicalFish_FBX/TropicalFish01.jpg
  artifactKey: Guid(ef0e058da12c3004bb36490622e67d86) Importer(815301076,1909f56bfc062723c751e8b465ee728b)
Start importing Assets/Models/TropicalFish_FBX/TropicalFish01.jpg using Guid(ef0e058da12c3004bb36490622e67d86) Importer(815301076,1909f56bfc062723c751e8b465ee728b)  -> (artifact id: 'ee08e7a6413613e0aa1938d8af951e80') in 0.045226 seconds 
========================================================================
Received Import Request.
  Time since last request: 0.000026 seconds.
  path: Assets/Models/TropicalFish_FBX/TropicalFish05.fbx
  artifactKey: Guid(7879345bcb2c52f4d8ad0b5460245b63) Importer(815301076,1909f56bfc062723c751e8b465ee728b)
Start importing Assets/Models/TropicalFish_FBX/TropicalFish05.fbx using Guid(7879345bcb2c52f4d8ad0b5460245b63) Importer(815301076,1909f56bfc062723c751e8b465ee728b)  -> (artifact id: 'c896f697fe1a6876b8c1898a6d9a51eb') in 0.017445 seconds 
========================================================================
Received Import Request.
  Time since last request: 0.000026 seconds.
  path: Assets/Models/TropicalFish_FBX/TropicalFish04.fbx
  artifactKey: Guid(fc5ebef316a51954dbfb16b0130b6a89) Importer(815301076,1909f56bfc062723c751e8b465ee728b)
Start importing Assets/Models/TropicalFish_FBX/TropicalFish04.fbx using Guid(fc5ebef316a51954dbfb16b0130b6a89) Importer(815301076,1909f56bfc062723c751e8b465ee728b)  -> (artifact id: 'dfe25335735b534d8295bcc4c2d63ab6') in 0.021048 seconds 
========================================================================
Received Import Request.
  Time since last request: 0.000022 seconds.
  path: Assets/Models/TropicalFish_FBX/TropicalFish13.fbx
  artifactKey: Guid(c83f1d8e4e22fdf4688da881332d8a81) Importer(815301076,1909f56bfc062723c751e8b465ee728b)
Start importing Assets/Models/TropicalFish_FBX/TropicalFish13.fbx using Guid(c83f1d8e4e22fdf4688da881332d8a81) Importer(815301076,1909f56bfc062723c751e8b465ee728b)  -> (artifact id: '1972463c8bccecc738592e32228204b2') in 0.018291 seconds 
========================================================================
Received Import Request.
  Time since last request: 0.000027 seconds.
  path: Assets/Models/TropicalFish_FBX/TropicalFish03.fbx
  artifactKey: Guid(91070a013854804469272479717f6099) Importer(815301076,1909f56bfc062723c751e8b465ee728b)
Start importing Assets/Models/TropicalFish_FBX/TropicalFish03.fbx using Guid(91070a013854804469272479717f6099) Importer(815301076,1909f56bfc062723c751e8b465ee728b)  -> (artifact id: 'da5adf2adfb888a2f69e2376bea43755') in 0.019895 seconds 
========================================================================
Received Import Request.
  Time since last request: 0.000027 seconds.
  path: Assets/Models/TropicalFish_FBX/TropicalFish07.fbx
  artifactKey: Guid(ecd0fe44799493845af26fd2ee695ca2) Importer(815301076,1909f56bfc062723c751e8b465ee728b)
Start importing Assets/Models/TropicalFish_FBX/TropicalFish07.fbx using Guid(ecd0fe44799493845af26fd2ee695ca2) Importer(815301076,1909f56bfc062723c751e8b465ee728b)  -> (artifact id: '3447e944d02f6b35ac6458a08a4d2df8') in 0.019245 seconds 
========================================================================
Received Import Request.
  Time since last request: 0.000020 seconds.
  path: Assets/Models/TropicalFish_FBX/TropicalFish13.jpg
  artifactKey: Guid(517d97ac7f2eb0746960f4f8c2834f07) Importer(815301076,1909f56bfc062723c751e8b465ee728b)
Start importing Assets/Models/TropicalFish_FBX/TropicalFish13.jpg using Guid(517d97ac7f2eb0746960f4f8c2834f07) Importer(815301076,1909f56bfc062723c751e8b465ee728b)  -> (artifact id: 'c2dc5f372ca8aa46717efbb66357e25a') in 0.011120 seconds 
========================================================================
Received Import Request.
  Time since last request: 0.000024 seconds.
  path: Assets/Models/TropicalFish_FBX/TropicalFish06.jpg
  artifactKey: Guid(9a2be1cba7131f4499058ddd62c26929) Importer(815301076,1909f56bfc062723c751e8b465ee728b)
Start importing Assets/Models/TropicalFish_FBX/TropicalFish06.jpg using Guid(9a2be1cba7131f4499058ddd62c26929) Importer(815301076,1909f56bfc062723c751e8b465ee728b)  -> (artifact id: '11fc5ae024bf78d2f4e00b5772fc2777') in 0.008838 seconds 
========================================================================
Received Import Request.
  Time since last request: 0.000020 seconds.
  path: Assets/Models/TropicalFish_FBX/TropicalFish11.jpg
  artifactKey: Guid(2471aed6e31f3bd46a70d857f5a5af24) Importer(815301076,1909f56bfc062723c751e8b465ee728b)
Start importing Assets/Models/TropicalFish_FBX/TropicalFish11.jpg using Guid(2471aed6e31f3bd46a70d857f5a5af24) Importer(815301076,1909f56bfc062723c751e8b465ee728b)  -> (artifact id: 'f40e04db9bf547a7b681f2107b4cae97') in 0.010267 seconds 
========================================================================
Received Import Request.
  Time since last request: 0.000021 seconds.
  path: Assets/Models/TropicalFish_FBX/TropicalFish02.jpg
  artifactKey: Guid(3bbf49df8ea3f4340871054d31bcb489) Importer(815301076,1909f56bfc062723c751e8b465ee728b)
Start importing Assets/Models/TropicalFish_FBX/TropicalFish02.jpg using Guid(3bbf49df8ea3f4340871054d31bcb489) Importer(815301076,1909f56bfc062723c751e8b465ee728b)  -> (artifact id: '1cb7ae496b9ee8ac1c63eebbd2c7041d') in 0.009008 seconds 
========================================================================
Received Import Request.
  Time since last request: 0.000019 seconds.
  path: Assets/Models/TropicalFish_FBX/TropicalFish08.jpg
  artifactKey: Guid(d8631140c4585104eb9422500b88d871) Importer(815301076,1909f56bfc062723c751e8b465ee728b)
Start importing Assets/Models/TropicalFish_FBX/TropicalFish08.jpg using Guid(d8631140c4585104eb9422500b88d871) Importer(815301076,1909f56bfc062723c751e8b465ee728b)  -> (artifact id: '4c69e83242f788a666e69b1649418363') in 0.008609 seconds 
========================================================================
Received Import Request.
  Time since last request: 0.000019 seconds.
  path: Assets/Models/TropicalFish_FBX/TropicalFish15.fbx
  artifactKey: Guid(deae580d0f065c74682c9eca293a2757) Importer(815301076,1909f56bfc062723c751e8b465ee728b)
Start importing Assets/Models/TropicalFish_FBX/TropicalFish15.fbx using Guid(deae580d0f065c74682c9eca293a2757) Importer(815301076,1909f56bfc062723c751e8b465ee728b)  -> (artifact id: '3debaa96e9ecc7269b832430603c29dc') in 0.018810 seconds 
========================================================================
Received Import Request.
  Time since last request: 0.000028 seconds.
  path: Assets/Models/TropicalFish_FBX/TropicalFish11.fbx
  artifactKey: Guid(33fd8cadd0adec046a330b2e166fc43e) Importer(815301076,1909f56bfc062723c751e8b465ee728b)
Start importing Assets/Models/TropicalFish_FBX/TropicalFish11.fbx using Guid(33fd8cadd0adec046a330b2e166fc43e) Importer(815301076,1909f56bfc062723c751e8b465ee728b)  -> (artifact id: '5b48c5b39ba84a7c786a7758b4d12b26') in 0.020666 seconds 
========================================================================
Received Import Request.
  Time since last request: 0.000026 seconds.
  path: Assets/Models/TropicalFish_FBX/TropicalFish10.fbx
  artifactKey: Guid(aaa5f5fa621a57f4d95da210b45d543a) Importer(815301076,1909f56bfc062723c751e8b465ee728b)
Start importing Assets/Models/TropicalFish_FBX/TropicalFish10.fbx using Guid(aaa5f5fa621a57f4d95da210b45d543a) Importer(815301076,1909f56bfc062723c751e8b465ee728b)  -> (artifact id: '91f094eff6da5b86a2d186da9c5203e8') in 0.018490 seconds 
========================================================================
Received Import Request.
  Time since last request: 0.000039 seconds.
  path: Assets/Models/TropicalFish_FBX/TropicalFish05.jpg
  artifactKey: Guid(2c028321e3b6cb04dbeefe49fc2cc68b) Importer(815301076,1909f56bfc062723c751e8b465ee728b)
Start importing Assets/Models/TropicalFish_FBX/TropicalFish05.jpg using Guid(2c028321e3b6cb04dbeefe49fc2cc68b) Importer(815301076,1909f56bfc062723c751e8b465ee728b)  -> (artifact id: '3f9900f5a693c80268854bc435539057') in 0.010711 seconds 
========================================================================
Received Import Request.
  Time since last request: 0.000024 seconds.
  path: Assets/Models/TropicalFish_FBX/TropicalFish08.fbx
  artifactKey: Guid(f3870af99315c8b43b75a2f8c22ff3e0) Importer(815301076,1909f56bfc062723c751e8b465ee728b)
Start importing Assets/Models/TropicalFish_FBX/TropicalFish08.fbx using Guid(f3870af99315c8b43b75a2f8c22ff3e0) Importer(815301076,1909f56bfc062723c751e8b465ee728b)  -> (artifact id: '626c22a9f10524cbfb3810372c92b8ed') in 0.020095 seconds 
========================================================================
Received Import Request.
  Time since last request: 0.000030 seconds.
  path: Assets/Models/TropicalFish_FBX/TropicalFish12.jpg
  artifactKey: Guid(ada4bd18f2a46a24b847be0e9343be04) Importer(815301076,1909f56bfc062723c751e8b465ee728b)
Start importing Assets/Models/TropicalFish_FBX/TropicalFish12.jpg using Guid(ada4bd18f2a46a24b847be0e9343be04) Importer(815301076,1909f56bfc062723c751e8b465ee728b)  -> (artifact id: '50cd835eb10c19dbcd6eddd959da57b9') in 0.011333 seconds 
========================================================================
Received Import Request.
  Time since last request: 0.000027 seconds.
  path: Assets/Models/TropicalFish_FBX/TropicalFish09.fbx
  artifactKey: Guid(27673ce3aabd1514898fc2498b3a6ce0) Importer(815301076,1909f56bfc062723c751e8b465ee728b)
Start importing Assets/Models/TropicalFish_FBX/TropicalFish09.fbx using Guid(27673ce3aabd1514898fc2498b3a6ce0) Importer(815301076,1909f56bfc062723c751e8b465ee728b)  -> (artifact id: 'e240e09b3ab1a1174cbb32a0cab9833a') in 0.018332 seconds 
Editor requested this worker to shutdown with reason: Scaling down because of idle timeout
AssetImportWorker is now disconnected from the server
Process exiting
Exiting without the bug reporter. Application will terminate with return code 0