Using pre-set license
Built from '2021.3/staging' branch; Version is '2021.3.10f1 (1c7d0df0160b) revision 1867021'; Using compiler version '192829333'; Build Type 'Release'
OS: 'Windows 10  (10.0.19044) 64bit Core' Language: 'en' Physical Memory: 16085 MB
BatchMode: 1, IsHumanControllingUs: 0, StartBugReporterOnCrash: 0, Is64bit: 1, IsPro: 1

COMMAND LINE ARGUMENTS:
C:\Program Files\Unity\Hub\Editor\2021.3.10f1\Editor\Unity.exe
-adb2
-batchMode
-noUpm
-name
AssetImportWorker3
-projectPath
C:/Users/Em/Desktop/CMPM 121/CMPM 121 Homework 1
-logFile
Logs/AssetImportWorker3.log
-srvPort
52254
Successfully changed project path to: C:/Users/Em/Desktop/CMPM 121/CMPM 121 Homework 1
C:/Users/Em/Desktop/CMPM 121/CMPM 121 Homework 1
[UnityMemory] Configuration Parameters - Can be set up in boot.config
    "memorysetup-bucket-allocator-granularity=16"
    "memorysetup-bucket-allocator-bucket-count=8"
    "memorysetup-bucket-allocator-block-size=33554432"
    "memorysetup-bucket-allocator-block-count=8"
    "memorysetup-main-allocator-block-size=16777216"
    "memorysetup-thread-allocator-block-size=16777216"
    "memorysetup-gfx-main-allocator-block-size=16777216"
    "memorysetup-gfx-thread-allocator-block-size=16777216"
    "memorysetup-cache-allocator-block-size=4194304"
    "memorysetup-typetree-allocator-block-size=2097152"
    "memorysetup-profiler-bucket-allocator-granularity=16"
    "memorysetup-profiler-bucket-allocator-bucket-count=8"
    "memorysetup-profiler-bucket-allocator-block-size=33554432"
    "memorysetup-profiler-bucket-allocator-block-count=8"
    "memorysetup-profiler-allocator-block-size=16777216"
    "memorysetup-profiler-editor-allocator-block-size=1048576"
    "memorysetup-temp-allocator-size-main=16777216"
    "memorysetup-job-temp-allocator-block-size=2097152"
    "memorysetup-job-temp-allocator-block-size-background=1048576"
    "memorysetup-job-temp-allocator-reduction-small-platforms=262144"
    "memorysetup-temp-allocator-size-background-worker=32768"
    "memorysetup-temp-allocator-size-job-worker=262144"
    "memorysetup-temp-allocator-size-preload-manager=33554432"
    "memorysetup-temp-allocator-size-nav-mesh-worker=65536"
    "memorysetup-temp-allocator-size-audio-worker=65536"
    "memorysetup-temp-allocator-size-cloud-worker=32768"
    "memorysetup-temp-allocator-size-gi-baking-worker=262144"
    "memorysetup-temp-allocator-size-gfx=262144"
Refreshing native plugins compatible for Editor in 94.55 ms, found 3 plugins.
Preloading 0 native plugins for Editor in 0.00 ms.
Initialize engine version: 2021.3.10f1 (1c7d0df0160b)
[Subsystems] Discovering subsystems at path C:/Program Files/Unity/Hub/Editor/2021.3.10f1/Editor/Data/Resources/UnitySubsystems
[Subsystems] Discovering subsystems at path C:/Users/Em/Desktop/CMPM 121/CMPM 121 Homework 1/Assets
GfxDevice: creating device client; threaded=0; jobified=0
Direct3D:
    Version:  Direct3D 11.0 [level 11.1]
    Renderer: NVIDIA GeForce RTX 3060 Laptop GPU (ID=0x2520)
    Vendor:   NVIDIA
    VRAM:     6023 MB
    Driver:   31.0.15.1659
Initialize mono
Mono path[0] = 'C:/Program Files/Unity/Hub/Editor/2021.3.10f1/Editor/Data/Managed'
Mono path[1] = 'C:/Program Files/Unity/Hub/Editor/2021.3.10f1/Editor/Data/MonoBleedingEdge/lib/mono/unityjit-win32'
Mono config path = 'C:/Program Files/Unity/Hub/Editor/2021.3.10f1/Editor/Data/MonoBleedingEdge/etc'
Using monoOptions --debugger-agent=transport=dt_socket,embedding=1,server=y,suspend=n,address=127.0.0.1:56260
Begin MonoManager ReloadAssembly
Registering precompiled unity dll's ...
Register platform support module: C:/Program Files/Unity/Hub/Editor/2021.3.10f1/Editor/Data/PlaybackEngines/WebGLSupport/UnityEditor.WebGL.Extensions.dll
Register platform support module: C:/Program Files/Unity/Hub/Editor/2021.3.10f1/Editor/Data/PlaybackEngines/WindowsStandaloneSupport/UnityEditor.WindowsStandalone.Extensions.dll
Registered in 0.028885 seconds.
Native extension for WindowsStandalone target not found
Native extension for WebGL target not found
Refreshing native plugins compatible for Editor in 101.56 ms, found 3 plugins.
Preloading 0 native plugins for Editor in 0.00 ms.
Mono: successfully reloaded assembly
- Completed reload, in  0.715 seconds
Domain Reload Profiling:
	ReloadAssembly (716ms)
		BeginReloadAssembly (83ms)
			ExecutionOrderSort (0ms)
			DisableScriptedObjects (0ms)
			BackupInstance (0ms)
			ReleaseScriptingObjects (0ms)
			CreateAndSetChildDomain (1ms)
		EndReloadAssembly (508ms)
			LoadAssemblies (82ms)
			RebuildTransferFunctionScriptingTraits (0ms)
			SetupTypeCache (122ms)
			ReleaseScriptCaches (0ms)
			RebuildScriptCaches (31ms)
			SetupLoadedEditorAssemblies (300ms)
				LogAssemblyErrors (0ms)
				InitializePlatformSupportModulesInManaged (11ms)
				SetLoadedEditorAssemblies (0ms)
				RefreshPlugins (102ms)
				BeforeProcessingInitializeOnLoad (2ms)
				ProcessInitializeOnLoadAttributes (141ms)
				ProcessInitializeOnLoadMethodAttributes (45ms)
				AfterProcessingInitializeOnLoad (0ms)
				EditorAssembliesLoaded (0ms)
			ExecutionOrderSort2 (0ms)
			AwakeInstancesAfterBackupRestoration (0ms)
Platform modules already initialized, skipping
Registering precompiled user dll's ...
Registered in 0.008279 seconds.
Begin MonoManager ReloadAssembly
Symbol file LoadedFromMemory doesn't match image C:\Users\Em\Desktop\CMPM 121\CMPM 121 Homework 1\Library\PackageCache\com.unity.visualscripting@1.7.8\Editor\VisualScripting.Core\Dependencies\YamlDotNet\Unity.VisualScripting.YamlDotNet.dll
Symbol file LoadedFromMemory doesn't match image C:\Users\Em\Desktop\CMPM 121\CMPM 121 Homework 1\Library\PackageCache\com.unity.visualscripting@1.7.8\Editor\VisualScripting.Core\Dependencies\DotNetZip\Unity.VisualScripting.IonicZip.dll
Native extension for WindowsStandalone target not found
Native extension for WebGL target not found
Refreshing native plugins compatible for Editor in 0.52 ms, found 3 plugins.
Preloading 0 native plugins for Editor in 0.00 ms.
Mono: successfully reloaded assembly
- Completed reload, in  1.112 seconds
Domain Reload Profiling:
	ReloadAssembly (1113ms)
		BeginReloadAssembly (117ms)
			ExecutionOrderSort (0ms)
			DisableScriptedObjects (7ms)
			BackupInstance (0ms)
			ReleaseScriptingObjects (0ms)
			CreateAndSetChildDomain (16ms)
		EndReloadAssembly (851ms)
			LoadAssemblies (115ms)
			RebuildTransferFunctionScriptingTraits (0ms)
			SetupTypeCache (297ms)
			ReleaseScriptCaches (1ms)
			RebuildScriptCaches (58ms)
			SetupLoadedEditorAssemblies (335ms)
				LogAssemblyErrors (0ms)
				InitializePlatformSupportModulesInManaged (9ms)
				SetLoadedEditorAssemblies (0ms)
				RefreshPlugins (1ms)
				BeforeProcessingInitializeOnLoad (92ms)
				ProcessInitializeOnLoadAttributes (193ms)
				ProcessInitializeOnLoadMethodAttributes (30ms)
				AfterProcessingInitializeOnLoad (10ms)
				EditorAssembliesLoaded (0ms)
			ExecutionOrderSort2 (0ms)
			AwakeInstancesAfterBackupRestoration (7ms)
Platform modules already initialized, skipping
========================================================================
Worker process is ready to serve import requests
Launched and connected shader compiler UnityShaderCompiler.exe after 0.05 seconds
Refreshing native plugins compatible for Editor in 0.66 ms, found 3 plugins.
Preloading 0 native plugins for Editor in 0.00 ms.
Unloading 3381 Unused Serialized files (Serialized files now loaded: 0)
Unloading 27 unused Assets / (113.3 KB). Loaded Objects now: 3840.
Memory consumption went from 117.3 MB to 117.2 MB.
Total: 2.822300 ms (FindLiveObjects: 0.257800 ms CreateObjectMapping: 0.107400 ms MarkObjects: 2.335400 ms  DeleteObjects: 0.120900 ms)

AssetImportParameters requested are different than current active one (requested -> active):
  custom:video-decoder-ogg-theora: a1e56fd34408186e4bbccfd4996cb3dc -> 
  custom:container-muxer-webm: aa71ff27fc2769a1b78a27578f13a17b -> 
  custom:container-demuxer-webm: 4f35f7cbe854078d1ac9338744f61a02 -> 
  custom:video-encoder-webm-vp8: eb34c28f22e8b96e1ab97ce403110664 -> 
  custom:audio-encoder-webm-vorbis: bf7c407c2cedff20999df2af8eb42d56 -> 
  custom:framework-win-MediaFoundation: 216162199b28c13a410421893ffa2e32 -> 
  custom:container-demuxer-ogg: 62fdf1f143b41e24485cea50d1cbac27 -> 
  custom:video-decoder-webm-vp8: 9c59270c3fd7afecdb556c50c9e8de78 -> 
  custom:audio-decoder-ogg-vorbis: bf7c407c2cedff20999df2af8eb42d56 -> 
========================================================================
Received Import Request.
  Time since last request: 5621.802267 seconds.
  path: Assets/Textures/TextureHaven/rock_4k/rock_4k_textures/rock_2/rock_2_diff_4k.png
  artifactKey: Guid(01d7f3cd269f7004d84daee22a55606b) Importer(815301076,1909f56bfc062723c751e8b465ee728b)
Start importing Assets/Textures/TextureHaven/rock_4k/rock_4k_textures/rock_2/rock_2_diff_4k.png using Guid(01d7f3cd269f7004d84daee22a55606b) Importer(815301076,1909f56bfc062723c751e8b465ee728b)  -> (artifact id: '7030ac86f2f91fd04c8439e792c76dd9') in 0.128338 seconds 
========================================================================
Received Import Request.
  Time since last request: 8.477078 seconds.
  path: Assets/Textures/TextureHaven/rock_4k/rock_4k_textures/rock_05/rock_05_diff_4k.png
  artifactKey: Guid(28b7c0132caa1bc43bf582e29f31f3a1) Importer(815301076,1909f56bfc062723c751e8b465ee728b)
Start importing Assets/Textures/TextureHaven/rock_4k/rock_4k_textures/rock_05/rock_05_diff_4k.png using Guid(28b7c0132caa1bc43bf582e29f31f3a1) Importer(815301076,1909f56bfc062723c751e8b465ee728b)  -> (artifact id: '38adfc3793b7f80018ba24c0b0684fc9') in 0.031886 seconds 
========================================================================
Received Import Request.
  Time since last request: 0.000020 seconds.
  path: Assets/Textures/TextureHaven/rock_4k/rock_4k_textures/rock_05/rock_05_rough_4k.png
  artifactKey: Guid(76b3644e249bb684eb52e0a67a4cf14d) Importer(815301076,1909f56bfc062723c751e8b465ee728b)
Start importing Assets/Textures/TextureHaven/rock_4k/rock_4k_textures/rock_05/rock_05_rough_4k.png using Guid(76b3644e249bb684eb52e0a67a4cf14d) Importer(815301076,1909f56bfc062723c751e8b465ee728b)  -> (artifact id: '909e17f62997c70280eb31fe84f96d3e') in 0.023056 seconds 
========================================================================
Received Import Request.
  Time since last request: 4.800433 seconds.
  path: Assets/Textures/TextureHaven/rock_4k/rock_4k_textures/rock_04/rock_04_diff_4k.png
  artifactKey: Guid(1be66400bc66bfe4b80ac570d096dcf2) Importer(815301076,1909f56bfc062723c751e8b465ee728b)
Start importing Assets/Textures/TextureHaven/rock_4k/rock_4k_textures/rock_04/rock_04_diff_4k.png using Guid(1be66400bc66bfe4b80ac570d096dcf2) Importer(815301076,1909f56bfc062723c751e8b465ee728b)  -> (artifact id: 'da104479aa17bdf2b8b0e5a29ebad43d') in 0.030901 seconds 
========================================================================
Received Import Request.
  Time since last request: 0.000022 seconds.
  path: Assets/Textures/TextureHaven/rock_4k/rock_4k_textures/rock_04/rock_04_SpecSmoothness.png
  artifactKey: Guid(22c6163eaf89a7640a661eecaf26c608) Importer(815301076,1909f56bfc062723c751e8b465ee728b)
Start importing Assets/Textures/TextureHaven/rock_4k/rock_4k_textures/rock_04/rock_04_SpecSmoothness.png using Guid(22c6163eaf89a7640a661eecaf26c608) Importer(815301076,1909f56bfc062723c751e8b465ee728b)  -> (artifact id: '7768b884a440e6d6e5597d15dfc6b617') in 0.040365 seconds 
========================================================================
Received Import Request.
  Time since last request: 35.316238 seconds.
  path: Assets/Textures/TextureHaven/rock_4k/rock_4k_textures/rock_06/rock_06_diff_4k.png
  artifactKey: Guid(fc7d88338cc3e6f48b256fdd1502b804) Importer(815301076,1909f56bfc062723c751e8b465ee728b)
Start importing Assets/Textures/TextureHaven/rock_4k/rock_4k_textures/rock_06/rock_06_diff_4k.png using Guid(fc7d88338cc3e6f48b256fdd1502b804) Importer(815301076,1909f56bfc062723c751e8b465ee728b)  -> (artifact id: '4e281ef04a683b1988873081e4cf5d8c') in 0.028820 seconds 
========================================================================
Received Import Request.
  Time since last request: 0.000021 seconds.
  path: Assets/Textures/TextureHaven/rock_4k/rock_4k_textures/rock_06/rock_06_spec_4k.png
  artifactKey: Guid(f5f3eaf0c8a12154aa7bd735f561d1be) Importer(815301076,1909f56bfc062723c751e8b465ee728b)
Start importing Assets/Textures/TextureHaven/rock_4k/rock_4k_textures/rock_06/rock_06_spec_4k.png using Guid(f5f3eaf0c8a12154aa7bd735f561d1be) Importer(815301076,1909f56bfc062723c751e8b465ee728b)  -> (artifact id: 'e24fc9efc7055506095cc65832fbeccf') in 0.036284 seconds 
========================================================================
Received Import Request.
  Time since last request: 4.746940 seconds.
  path: Assets/Textures/TextureHaven/rock_4k/rock_4k_textures/rock_08/rock_08_disp_4k.png
  artifactKey: Guid(80a047cf617aad0439802b68deccd738) Importer(815301076,1909f56bfc062723c751e8b465ee728b)
Start importing Assets/Textures/TextureHaven/rock_4k/rock_4k_textures/rock_08/rock_08_disp_4k.png using Guid(80a047cf617aad0439802b68deccd738) Importer(815301076,1909f56bfc062723c751e8b465ee728b)  -> (artifact id: '9adfb307160123f76635ca93002f82e7') in 0.025707 seconds 
========================================================================
Received Import Request.
  Time since last request: 0.000020 seconds.
  path: Assets/Textures/TextureHaven/rock_4k/rock_4k_textures/rock_08/rock_08_spec_4k.png
  artifactKey: Guid(1db8af606aadd2848837fd358cb2fa6c) Importer(815301076,1909f56bfc062723c751e8b465ee728b)
Start importing Assets/Textures/TextureHaven/rock_4k/rock_4k_textures/rock_08/rock_08_spec_4k.png using Guid(1db8af606aadd2848837fd358cb2fa6c) Importer(815301076,1909f56bfc062723c751e8b465ee728b)  -> (artifact id: '5463ff56b5105882cd36ceccc16b222d') in 0.030781 seconds 
========================================================================
Received Import Request.
  Time since last request: 50.301629 seconds.
  path: Assets/Textures/TextureHaven/rock_4k/rock_4k_textures/rock_3/rock_3_diff_4k.png
  artifactKey: Guid(5ff880f773525724f828b80798767ca2) Importer(815301076,1909f56bfc062723c751e8b465ee728b)
Start importing Assets/Textures/TextureHaven/rock_4k/rock_4k_textures/rock_3/rock_3_diff_4k.png using Guid(5ff880f773525724f828b80798767ca2) Importer(815301076,1909f56bfc062723c751e8b465ee728b)  -> (artifact id: '548cae53a8fdc5488debad8b9a1dbd35') in 0.025357 seconds 
========================================================================
Received Import Request.
  Time since last request: 0.000023 seconds.
  path: Assets/Textures/TextureHaven/rock_4k/rock_4k_textures/rock_3/rock_3_Disp_4k.png
  artifactKey: Guid(067cb8a210c7f55478eef8176f3cb5d0) Importer(815301076,1909f56bfc062723c751e8b465ee728b)
Start importing Assets/Textures/TextureHaven/rock_4k/rock_4k_textures/rock_3/rock_3_Disp_4k.png using Guid(067cb8a210c7f55478eef8176f3cb5d0) Importer(815301076,1909f56bfc062723c751e8b465ee728b)  -> (artifact id: '0480b269ad85e1e45b9a3673fd86b458') in 0.027198 seconds 
Editor requested this worker to shutdown with reason: Scaling down because of idle timeout
AssetImportWorker is now disconnected from the server
Process exiting
Exiting without the bug reporter. Application will terminate with return code 0