Using pre-set license
Built from '2021.3/staging' branch; Version is '2021.3.10f1 (1c7d0df0160b) revision 1867021'; Using compiler version '192829333'; Build Type 'Release'
OS: 'Windows 10  (10.0.19044) 64bit Core' Language: 'en' Physical Memory: 16085 MB
BatchMode: 1, IsHumanControllingUs: 0, StartBugReporterOnCrash: 0, Is64bit: 1, IsPro: 1

COMMAND LINE ARGUMENTS:
C:\Program Files\Unity\Hub\Editor\2021.3.10f1\Editor\Unity.exe
-adb2
-batchMode
-noUpm
-name
AssetImportWorker4
-projectPath
C:/Users/Em/Desktop/CMPM 121/CMPM 121 Homework 1
-logFile
Logs/AssetImportWorker4.log
-srvPort
52254
Successfully changed project path to: C:/Users/Em/Desktop/CMPM 121/CMPM 121 Homework 1
C:/Users/Em/Desktop/CMPM 121/CMPM 121 Homework 1
[UnityMemory] Configuration Parameters - Can be set up in boot.config
    "memorysetup-bucket-allocator-granularity=16"
    "memorysetup-bucket-allocator-bucket-count=8"
    "memorysetup-bucket-allocator-block-size=33554432"
    "memorysetup-bucket-allocator-block-count=8"
    "memorysetup-main-allocator-block-size=16777216"
    "memorysetup-thread-allocator-block-size=16777216"
    "memorysetup-gfx-main-allocator-block-size=16777216"
    "memorysetup-gfx-thread-allocator-block-size=16777216"
    "memorysetup-cache-allocator-block-size=4194304"
    "memorysetup-typetree-allocator-block-size=2097152"
    "memorysetup-profiler-bucket-allocator-granularity=16"
    "memorysetup-profiler-bucket-allocator-bucket-count=8"
    "memorysetup-profiler-bucket-allocator-block-size=33554432"
    "memorysetup-profiler-bucket-allocator-block-count=8"
    "memorysetup-profiler-allocator-block-size=16777216"
    "memorysetup-profiler-editor-allocator-block-size=1048576"
    "memorysetup-temp-allocator-size-main=16777216"
    "memorysetup-job-temp-allocator-block-size=2097152"
    "memorysetup-job-temp-allocator-block-size-background=1048576"
    "memorysetup-job-temp-allocator-reduction-small-platforms=262144"
    "memorysetup-temp-allocator-size-background-worker=32768"
    "memorysetup-temp-allocator-size-job-worker=262144"
    "memorysetup-temp-allocator-size-preload-manager=33554432"
    "memorysetup-temp-allocator-size-nav-mesh-worker=65536"
    "memorysetup-temp-allocator-size-audio-worker=65536"
    "memorysetup-temp-allocator-size-cloud-worker=32768"
    "memorysetup-temp-allocator-size-gi-baking-worker=262144"
    "memorysetup-temp-allocator-size-gfx=262144"
Refreshing native plugins compatible for Editor in 101.47 ms, found 3 plugins.
Preloading 0 native plugins for Editor in 0.00 ms.
Initialize engine version: 2021.3.10f1 (1c7d0df0160b)
[Subsystems] Discovering subsystems at path C:/Program Files/Unity/Hub/Editor/2021.3.10f1/Editor/Data/Resources/UnitySubsystems
[Subsystems] Discovering subsystems at path C:/Users/Em/Desktop/CMPM 121/CMPM 121 Homework 1/Assets
GfxDevice: creating device client; threaded=0; jobified=0
Direct3D:
    Version:  Direct3D 11.0 [level 11.1]
    Renderer: NVIDIA GeForce RTX 3060 Laptop GPU (ID=0x2520)
    Vendor:   NVIDIA
    VRAM:     6023 MB
    Driver:   31.0.15.1659
Initialize mono
Mono path[0] = 'C:/Program Files/Unity/Hub/Editor/2021.3.10f1/Editor/Data/Managed'
Mono path[1] = 'C:/Program Files/Unity/Hub/Editor/2021.3.10f1/Editor/Data/MonoBleedingEdge/lib/mono/unityjit-win32'
Mono config path = 'C:/Program Files/Unity/Hub/Editor/2021.3.10f1/Editor/Data/MonoBleedingEdge/etc'
Using monoOptions --debugger-agent=transport=dt_socket,embedding=1,server=y,suspend=n,address=127.0.0.1:56588
Begin MonoManager ReloadAssembly
Registering precompiled unity dll's ...
Register platform support module: C:/Program Files/Unity/Hub/Editor/2021.3.10f1/Editor/Data/PlaybackEngines/WebGLSupport/UnityEditor.WebGL.Extensions.dll
Register platform support module: C:/Program Files/Unity/Hub/Editor/2021.3.10f1/Editor/Data/PlaybackEngines/WindowsStandaloneSupport/UnityEditor.WindowsStandalone.Extensions.dll
Registered in 0.029178 seconds.
Native extension for WindowsStandalone target not found
Native extension for WebGL target not found
Refreshing native plugins compatible for Editor in 104.24 ms, found 3 plugins.
Preloading 0 native plugins for Editor in 0.00 ms.
Mono: successfully reloaded assembly
- Completed reload, in  0.715 seconds
Domain Reload Profiling:
	ReloadAssembly (715ms)
		BeginReloadAssembly (70ms)
			ExecutionOrderSort (0ms)
			DisableScriptedObjects (0ms)
			BackupInstance (0ms)
			ReleaseScriptingObjects (0ms)
			CreateAndSetChildDomain (1ms)
		EndReloadAssembly (521ms)
			LoadAssemblies (69ms)
			RebuildTransferFunctionScriptingTraits (0ms)
			SetupTypeCache (123ms)
			ReleaseScriptCaches (0ms)
			RebuildScriptCaches (31ms)
			SetupLoadedEditorAssemblies (313ms)
				LogAssemblyErrors (0ms)
				InitializePlatformSupportModulesInManaged (11ms)
				SetLoadedEditorAssemblies (0ms)
				RefreshPlugins (104ms)
				BeforeProcessingInitializeOnLoad (1ms)
				ProcessInitializeOnLoadAttributes (149ms)
				ProcessInitializeOnLoadMethodAttributes (47ms)
				AfterProcessingInitializeOnLoad (0ms)
				EditorAssembliesLoaded (0ms)
			ExecutionOrderSort2 (0ms)
			AwakeInstancesAfterBackupRestoration (0ms)
Platform modules already initialized, skipping
Registering precompiled user dll's ...
Registered in 0.007477 seconds.
Begin MonoManager ReloadAssembly
Symbol file LoadedFromMemory doesn't match image C:\Users\Em\Desktop\CMPM 121\CMPM 121 Homework 1\Library\PackageCache\com.unity.visualscripting@1.7.8\Editor\VisualScripting.Core\Dependencies\YamlDotNet\Unity.VisualScripting.YamlDotNet.dll
Symbol file LoadedFromMemory doesn't match image C:\Users\Em\Desktop\CMPM 121\CMPM 121 Homework 1\Library\PackageCache\com.unity.visualscripting@1.7.8\Editor\VisualScripting.Core\Dependencies\DotNetZip\Unity.VisualScripting.IonicZip.dll
Native extension for WindowsStandalone target not found
Native extension for WebGL target not found
Refreshing native plugins compatible for Editor in 0.46 ms, found 3 plugins.
Preloading 0 native plugins for Editor in 0.00 ms.
Mono: successfully reloaded assembly
- Completed reload, in  1.112 seconds
Domain Reload Profiling:
	ReloadAssembly (1113ms)
		BeginReloadAssembly (115ms)
			ExecutionOrderSort (0ms)
			DisableScriptedObjects (7ms)
			BackupInstance (0ms)
			ReleaseScriptingObjects (0ms)
			CreateAndSetChildDomain (15ms)
		EndReloadAssembly (851ms)
			LoadAssemblies (113ms)
			RebuildTransferFunctionScriptingTraits (0ms)
			SetupTypeCache (297ms)
			ReleaseScriptCaches (1ms)
			RebuildScriptCaches (59ms)
			SetupLoadedEditorAssemblies (335ms)
				LogAssemblyErrors (0ms)
				InitializePlatformSupportModulesInManaged (9ms)
				SetLoadedEditorAssemblies (0ms)
				RefreshPlugins (1ms)
				BeforeProcessingInitializeOnLoad (92ms)
				ProcessInitializeOnLoadAttributes (192ms)
				ProcessInitializeOnLoadMethodAttributes (32ms)
				AfterProcessingInitializeOnLoad (10ms)
				EditorAssembliesLoaded (0ms)
			ExecutionOrderSort2 (0ms)
			AwakeInstancesAfterBackupRestoration (7ms)
Platform modules already initialized, skipping
========================================================================
Worker process is ready to serve import requests
Launched and connected shader compiler UnityShaderCompiler.exe after 0.05 seconds
Refreshing native plugins compatible for Editor in 0.51 ms, found 3 plugins.
Preloading 0 native plugins for Editor in 0.00 ms.
Unloading 3381 Unused Serialized files (Serialized files now loaded: 0)
Unloading 27 unused Assets / (113.3 KB). Loaded Objects now: 3840.
Memory consumption went from 117.3 MB to 117.2 MB.
Total: 3.022000 ms (FindLiveObjects: 0.245300 ms CreateObjectMapping: 0.079200 ms MarkObjects: 2.544700 ms  DeleteObjects: 0.152100 ms)

AssetImportParameters requested are different than current active one (requested -> active):
  custom:video-decoder-ogg-theora: a1e56fd34408186e4bbccfd4996cb3dc -> 
  custom:container-muxer-webm: aa71ff27fc2769a1b78a27578f13a17b -> 
  custom:container-demuxer-webm: 4f35f7cbe854078d1ac9338744f61a02 -> 
  custom:video-encoder-webm-vp8: eb34c28f22e8b96e1ab97ce403110664 -> 
  custom:audio-encoder-webm-vorbis: bf7c407c2cedff20999df2af8eb42d56 -> 
  custom:framework-win-MediaFoundation: 216162199b28c13a410421893ffa2e32 -> 
  custom:container-demuxer-ogg: 62fdf1f143b41e24485cea50d1cbac27 -> 
  custom:video-decoder-webm-vp8: 9c59270c3fd7afecdb556c50c9e8de78 -> 
  custom:audio-decoder-ogg-vorbis: bf7c407c2cedff20999df2af8eb42d56 -> 
========================================================================
Received Import Request.
  Time since last request: 5621.797905 seconds.
  path: Assets/Textures/TextureHaven/rock_4k/rock_4k_textures/rock_2
  artifactKey: Guid(eddb51bca39f9ba43afbe0802e81f223) Importer(815301076,1909f56bfc062723c751e8b465ee728b)
Start importing Assets/Textures/TextureHaven/rock_4k/rock_4k_textures/rock_2 using Guid(eddb51bca39f9ba43afbe0802e81f223) Importer(815301076,1909f56bfc062723c751e8b465ee728b)  -> (artifact id: '6f3b62501144a169610e190af200b449') in 0.009993 seconds 
========================================================================
Received Import Request.
  Time since last request: 0.000023 seconds.
  path: Assets/Textures/TextureHaven/rock_4k/rock_4k_textures/rock_2/rock_2_disp_4k.png
  artifactKey: Guid(6c520d6281ef867458d017041556392d) Importer(815301076,1909f56bfc062723c751e8b465ee728b)
Start importing Assets/Textures/TextureHaven/rock_4k/rock_4k_textures/rock_2/rock_2_disp_4k.png using Guid(6c520d6281ef867458d017041556392d) Importer(815301076,1909f56bfc062723c751e8b465ee728b)  -> (artifact id: '5f180885a8db987d15f1e584bb1d33e7') in 0.126347 seconds 
========================================================================
Received Import Request.
  Time since last request: 8.463369 seconds.
  path: Assets/Textures/TextureHaven/rock_4k/rock_4k_textures/rock_05
  artifactKey: Guid(1d68088bb728faa40bf58a13e54a628b) Importer(815301076,1909f56bfc062723c751e8b465ee728b)
Start importing Assets/Textures/TextureHaven/rock_4k/rock_4k_textures/rock_05 using Guid(1d68088bb728faa40bf58a13e54a628b) Importer(815301076,1909f56bfc062723c751e8b465ee728b)  -> (artifact id: '58ce90d5890eb22e0ebc3297828e3048') in 0.001998 seconds 
========================================================================
Received Import Request.
  Time since last request: 0.000028 seconds.
  path: Assets/Textures/TextureHaven/rock_4k/rock_4k_textures/rock_05/rock_05_disp_4k.png
  artifactKey: Guid(c7d5f77241a285448a2e76f5c4572127) Importer(815301076,1909f56bfc062723c751e8b465ee728b)
Start importing Assets/Textures/TextureHaven/rock_4k/rock_4k_textures/rock_05/rock_05_disp_4k.png using Guid(c7d5f77241a285448a2e76f5c4572127) Importer(815301076,1909f56bfc062723c751e8b465ee728b)  -> (artifact id: '50e232be2cc9044aa469a1de087ec8c4') in 0.028735 seconds 
========================================================================
Received Import Request.
  Time since last request: 0.000023 seconds.
  path: Assets/Textures/TextureHaven/rock_4k/rock_4k_textures/rock_05/rock_05_spec_4k.png
  artifactKey: Guid(3f701f7b8fba9ce4ba799d4eb6420dc7) Importer(815301076,1909f56bfc062723c751e8b465ee728b)
Start importing Assets/Textures/TextureHaven/rock_4k/rock_4k_textures/rock_05/rock_05_spec_4k.png using Guid(3f701f7b8fba9ce4ba799d4eb6420dc7) Importer(815301076,1909f56bfc062723c751e8b465ee728b)  -> (artifact id: '7ab74a4feb3cb44b74d9469d3f2e3609') in 0.036714 seconds 
========================================================================
Received Import Request.
  Time since last request: 4.782565 seconds.
  path: Assets/Textures/TextureHaven/rock_4k/rock_4k_textures/rock_04
  artifactKey: Guid(0ccfe1ee0574fa443bf6a40364dd7f3b) Importer(815301076,1909f56bfc062723c751e8b465ee728b)
Start importing Assets/Textures/TextureHaven/rock_4k/rock_4k_textures/rock_04 using Guid(0ccfe1ee0574fa443bf6a40364dd7f3b) Importer(815301076,1909f56bfc062723c751e8b465ee728b)  -> (artifact id: 'd4b04731ef552be9c8bc36902ae56717') in 0.003596 seconds 
========================================================================
Received Import Request.
  Time since last request: 0.000026 seconds.
  path: Assets/Textures/TextureHaven/rock_4k/rock_4k_textures/rock_04/rock_04_nor_4k.png
  artifactKey: Guid(7ebeadb7e2c06864bb0dd375daefc752) Importer(815301076,1909f56bfc062723c751e8b465ee728b)
Start importing Assets/Textures/TextureHaven/rock_4k/rock_4k_textures/rock_04/rock_04_nor_4k.png using Guid(7ebeadb7e2c06864bb0dd375daefc752) Importer(815301076,1909f56bfc062723c751e8b465ee728b)  -> (artifact id: '53d74ccb7a4ddff52026dbdc2af55fa8') in 0.062780 seconds 
========================================================================
Received Import Request.
  Time since last request: 35.316812 seconds.
  path: Assets/Textures/TextureHaven/rock_4k/rock_4k_textures/rock_06
  artifactKey: Guid(260efdcb387f02f4a8d1f4f99011d9e8) Importer(815301076,1909f56bfc062723c751e8b465ee728b)
Start importing Assets/Textures/TextureHaven/rock_4k/rock_4k_textures/rock_06 using Guid(260efdcb387f02f4a8d1f4f99011d9e8) Importer(815301076,1909f56bfc062723c751e8b465ee728b)  -> (artifact id: '53afcaea8a95135032f92104c22767de') in 0.005823 seconds 
========================================================================
Received Import Request.
  Time since last request: 0.000029 seconds.
  path: Assets/Textures/TextureHaven/rock_4k/rock_4k_textures/rock_06/rock_06_rough_4k.png
  artifactKey: Guid(ebbcaacb606e1004393fc42c58c4c3f6) Importer(815301076,1909f56bfc062723c751e8b465ee728b)
Start importing Assets/Textures/TextureHaven/rock_4k/rock_4k_textures/rock_06/rock_06_rough_4k.png using Guid(ebbcaacb606e1004393fc42c58c4c3f6) Importer(815301076,1909f56bfc062723c751e8b465ee728b)  -> (artifact id: 'bac33e7ad73275d6e42b74753829d62f') in 0.017354 seconds 
========================================================================
Received Import Request.
  Time since last request: 0.000030 seconds.
  path: Assets/Textures/TextureHaven/rock_4k/rock_4k_textures/rock_06/rock_06_Disp_4k.png
  artifactKey: Guid(e9edf90b9d4765d4baa6ede3424d5143) Importer(815301076,1909f56bfc062723c751e8b465ee728b)
Start importing Assets/Textures/TextureHaven/rock_4k/rock_4k_textures/rock_06/rock_06_Disp_4k.png using Guid(e9edf90b9d4765d4baa6ede3424d5143) Importer(815301076,1909f56bfc062723c751e8b465ee728b)  -> (artifact id: '8a8e493eb00c5bab8460e4f94a33c174') in 0.032266 seconds 
========================================================================
Received Import Request.
  Time since last request: 4.741816 seconds.
  path: Assets/Textures/TextureHaven/rock_4k/rock_4k_textures/rock_08
  artifactKey: Guid(6c613ee695560ac40bd314799d10378a) Importer(815301076,1909f56bfc062723c751e8b465ee728b)
Start importing Assets/Textures/TextureHaven/rock_4k/rock_4k_textures/rock_08 using Guid(6c613ee695560ac40bd314799d10378a) Importer(815301076,1909f56bfc062723c751e8b465ee728b)  -> (artifact id: '6a4de809d0bed87f7995f09ca0f30ad5') in 0.002169 seconds 
========================================================================
Received Import Request.
  Time since last request: 0.000018 seconds.
  path: Assets/Textures/TextureHaven/rock_4k/rock_4k_textures/rock_08/rock_08_bump_4k.png
  artifactKey: Guid(4611ae260a83ac741ace132a253d23f4) Importer(815301076,1909f56bfc062723c751e8b465ee728b)
Start importing Assets/Textures/TextureHaven/rock_4k/rock_4k_textures/rock_08/rock_08_bump_4k.png using Guid(4611ae260a83ac741ace132a253d23f4) Importer(815301076,1909f56bfc062723c751e8b465ee728b)  -> (artifact id: 'decce14faff739bceb6d4b228e6b1f93') in 0.021020 seconds 
========================================================================
Received Import Request.
  Time since last request: 0.000020 seconds.
  path: Assets/Textures/TextureHaven/rock_4k/rock_4k_textures/rock_08/rock_08_rough_4k.png
  artifactKey: Guid(cc005395670e6b84a9ee8638da910131) Importer(815301076,1909f56bfc062723c751e8b465ee728b)
Start importing Assets/Textures/TextureHaven/rock_4k/rock_4k_textures/rock_08/rock_08_rough_4k.png using Guid(cc005395670e6b84a9ee8638da910131) Importer(815301076,1909f56bfc062723c751e8b465ee728b)  -> (artifact id: 'd6a7264f116164728fe6c3316b05cbbb') in 0.023225 seconds 
========================================================================
Received Import Request.
  Time since last request: 50.305192 seconds.
  path: Assets/Textures/TextureHaven/rock_4k/rock_4k_textures/rock_3
  artifactKey: Guid(d7d0f37753579a144b8a9fb6cb738edc) Importer(815301076,1909f56bfc062723c751e8b465ee728b)
Start importing Assets/Textures/TextureHaven/rock_4k/rock_4k_textures/rock_3 using Guid(d7d0f37753579a144b8a9fb6cb738edc) Importer(815301076,1909f56bfc062723c751e8b465ee728b)  -> (artifact id: 'd31ea8966c893b446a0ae99e56d073fd') in 0.002158 seconds 
========================================================================
Received Import Request.
  Time since last request: 0.000035 seconds.
  path: Assets/Textures/TextureHaven/rock_4k/rock_4k_textures/rock_3/rock_3_rough_4k.png
  artifactKey: Guid(52bcc58852b33d9429280d9ab1ff633d) Importer(815301076,1909f56bfc062723c751e8b465ee728b)
Start importing Assets/Textures/TextureHaven/rock_4k/rock_4k_textures/rock_3/rock_3_rough_4k.png using Guid(52bcc58852b33d9429280d9ab1ff633d) Importer(815301076,1909f56bfc062723c751e8b465ee728b)  -> (artifact id: '3a3cf2f8f67b1abdda1828c91326f1e1') in 0.018596 seconds 
========================================================================
Received Import Request.
  Time since last request: 0.000062 seconds.
  path: Assets/Textures/TextureHaven/rock_4k/rock_4k_textures/rock_3/rock_3_nor_4k.png
  artifactKey: Guid(8979d33b6e524b643b9bece368fc2120) Importer(815301076,1909f56bfc062723c751e8b465ee728b)
Start importing Assets/Textures/TextureHaven/rock_4k/rock_4k_textures/rock_3/rock_3_nor_4k.png using Guid(8979d33b6e524b643b9bece368fc2120) Importer(815301076,1909f56bfc062723c751e8b465ee728b)  -> (artifact id: '1e7d757ba09c21d73a47a7b4aa788f3b') in 0.036985 seconds 
========================================================================
Received Import Request.
  Time since last request: 733.096041 seconds.
  path: Assets/Models/fish.obj
  artifactKey: Guid(1248cf1ca03ef4248831ac5143e286ca) Importer(815301076,1909f56bfc062723c751e8b465ee728b)
Start importing Assets/Models/fish.obj using Guid(1248cf1ca03ef4248831ac5143e286ca) Importer(815301076,1909f56bfc062723c751e8b465ee728b)  -> (artifact id: 'a7e1427f9a341544f40ebf6751b4464c') in 0.095816 seconds 
========================================================================
Received Import Request.
  Time since last request: 12.134892 seconds.
  path: Assets/Textures/fish_texture.png
  artifactKey: Guid(2f0b2c42f7fcefe498014a52a06c63bf) Importer(815301076,1909f56bfc062723c751e8b465ee728b)
Start importing Assets/Textures/fish_texture.png using Guid(2f0b2c42f7fcefe498014a52a06c63bf) Importer(815301076,1909f56bfc062723c751e8b465ee728b)  -> (artifact id: '7a851f4c17321089f5ea0e4624bf30fe') in 0.008408 seconds 
========================================================================
Received Import Request.
  Time since last request: 81.235677 seconds.
  path: Assets/Textures/fish.mtl
  artifactKey: Guid(d2f14f3e08e4f5841b76a92325b46561) Importer(815301076,1909f56bfc062723c751e8b465ee728b)
Start importing Assets/Textures/fish.mtl using Guid(d2f14f3e08e4f5841b76a92325b46561) Importer(815301076,1909f56bfc062723c751e8b465ee728b)  -> (artifact id: '3c71a3745b7e86bb303d4504b53318bd') in 0.006205 seconds 
========================================================================
Received Import Request.
  Time since last request: 921.093395 seconds.
  path: Assets/Materials
  artifactKey: Guid(2a9c1bb75956ab84393e8f335d40b230) Importer(815301076,1909f56bfc062723c751e8b465ee728b)
Start importing Assets/Materials using Guid(2a9c1bb75956ab84393e8f335d40b230) Importer(815301076,1909f56bfc062723c751e8b465ee728b)  -> (artifact id: '8386eee0c7551c24a12d1cebb4cff3fa') in 0.002991 seconds 
========================================================================
Received Import Request.
  Time since last request: 3.806842 seconds.
  path: Assets/Materials/fish_texture.mat
  artifactKey: Guid(242e60be436f16a48b72d80ed411c8bd) Importer(815301076,1909f56bfc062723c751e8b465ee728b)
Start importing Assets/Materials/fish_texture.mat using Guid(242e60be436f16a48b72d80ed411c8bd) Importer(815301076,1909f56bfc062723c751e8b465ee728b)  -> (artifact id: '831e9168b1464ce6c3ce3612bc8c976f') in 0.033995 seconds 
========================================================================
Received Import Request.
  Time since last request: 81.036344 seconds.
  path: Assets/Textures/fish_texture.mat
  artifactKey: Guid(fee5cb7649d92f648b45afc5912a1731) Importer(815301076,1909f56bfc062723c751e8b465ee728b)
Start importing Assets/Textures/fish_texture.mat using Guid(fee5cb7649d92f648b45afc5912a1731) Importer(815301076,1909f56bfc062723c751e8b465ee728b)  -> (artifact id: '0379b6b6392531172040b04319e34f3f') in 0.010477 seconds 
========================================================================
Received Import Request.
  Time since last request: 51.874001 seconds.
  path: Assets/Models/fish.mtl
  artifactKey: Guid(9c78ddcb5c3382a4389aa0bfa97590e4) Importer(815301076,1909f56bfc062723c751e8b465ee728b)
Start importing Assets/Models/fish.mtl using Guid(9c78ddcb5c3382a4389aa0bfa97590e4) Importer(815301076,1909f56bfc062723c751e8b465ee728b)  -> (artifact id: 'd7baa1425d835ef768e440f364cc11b4') in 0.002943 seconds 
========================================================================
Received Import Request.
  Time since last request: 208.389781 seconds.
  path: Assets/Models/TropicalFish01.obj
  artifactKey: Guid(8339afc3704cddc438015ca9c7f7efb8) Importer(815301076,1909f56bfc062723c751e8b465ee728b)
Start importing Assets/Models/TropicalFish01.obj using Guid(8339afc3704cddc438015ca9c7f7efb8) Importer(815301076,1909f56bfc062723c751e8b465ee728b)  -> (artifact id: '9cc5137302b18830a26d226170599bba') in 0.031064 seconds 
========================================================================
Received Import Request.
  Time since last request: 11.924614 seconds.
  path: Assets/Models/TropicalFish02.obj
  artifactKey: Guid(1b9b94978197d674a8f50d5be39344e3) Importer(815301076,1909f56bfc062723c751e8b465ee728b)
Start importing Assets/Models/TropicalFish02.obj using Guid(1b9b94978197d674a8f50d5be39344e3) Importer(815301076,1909f56bfc062723c751e8b465ee728b)  -> (artifact id: 'e573f4533a140e7984987cc8f620ecef') in 0.027985 seconds 
========================================================================
Received Import Request.
  Time since last request: 61.612225 seconds.
  path: Assets/Models/TropicalFish03.obj
  artifactKey: Guid(669215bb985bc56418e0d433e505708c) Importer(815301076,1909f56bfc062723c751e8b465ee728b)
Start importing Assets/Models/TropicalFish03.obj using Guid(669215bb985bc56418e0d433e505708c) Importer(815301076,1909f56bfc062723c751e8b465ee728b)  -> (artifact id: '4972c77db1df84488e13de8b79330aab') in 0.025513 seconds 
========================================================================
Received Import Request.
  Time since last request: 7.315308 seconds.
  path: Assets/Models/TropicalFish04.obj
  artifactKey: Guid(7c48690f38832354daa2ae1473ea8eed) Importer(815301076,1909f56bfc062723c751e8b465ee728b)
Start importing Assets/Models/TropicalFish04.obj using Guid(7c48690f38832354daa2ae1473ea8eed) Importer(815301076,1909f56bfc062723c751e8b465ee728b)  -> (artifact id: '6ae72931991103f912606e518dcfdb9d') in 0.024748 seconds 
========================================================================
Received Import Request.
  Time since last request: 4.200601 seconds.
  path: Assets/Models/TropicalFish05.obj
  artifactKey: Guid(7d0392eb544adb1409b821dfb3e1fcb6) Importer(815301076,1909f56bfc062723c751e8b465ee728b)
Start importing Assets/Models/TropicalFish05.obj using Guid(7d0392eb544adb1409b821dfb3e1fcb6) Importer(815301076,1909f56bfc062723c751e8b465ee728b)  -> (artifact id: 'a1402533a8ffb6b36804cfb0806a8aae') in 0.028440 seconds 
========================================================================
Received Import Request.
  Time since last request: 2.740886 seconds.
  path: Assets/Models/TropicalFish06.obj
  artifactKey: Guid(11cae353523f6de4f97b3e1148e52f92) Importer(815301076,1909f56bfc062723c751e8b465ee728b)
Start importing Assets/Models/TropicalFish06.obj using Guid(11cae353523f6de4f97b3e1148e52f92) Importer(815301076,1909f56bfc062723c751e8b465ee728b)  -> (artifact id: '1f07ed08ffb40b8a062593fd372c80c4') in 0.023333 seconds 
========================================================================
Received Import Request.
  Time since last request: 3.600460 seconds.
  path: Assets/Models/TropicalFish07.obj
  artifactKey: Guid(6e04f1544797e9e41ae373b8555ece26) Importer(815301076,1909f56bfc062723c751e8b465ee728b)
Start importing Assets/Models/TropicalFish07.obj using Guid(6e04f1544797e9e41ae373b8555ece26) Importer(815301076,1909f56bfc062723c751e8b465ee728b)  -> (artifact id: '2f63a80a27e174afa57646274b12a614') in 0.024941 seconds 
========================================================================
Received Import Request.
  Time since last request: 5.318403 seconds.
  path: Assets/Models/TropicalFish08.obj
  artifactKey: Guid(d586540347394ba4e99b4255f5df5521) Importer(815301076,1909f56bfc062723c751e8b465ee728b)
Start importing Assets/Models/TropicalFish08.obj using Guid(d586540347394ba4e99b4255f5df5521) Importer(815301076,1909f56bfc062723c751e8b465ee728b)  -> (artifact id: '5aa6cf1c631d783886fa49d75f5252b8') in 0.025369 seconds 
========================================================================
Received Import Request.
  Time since last request: 3.075411 seconds.
  path: Assets/Models/TropicalFish09.obj
  artifactKey: Guid(832b10b84ff7adf4eae6858c65540351) Importer(815301076,1909f56bfc062723c751e8b465ee728b)
Start importing Assets/Models/TropicalFish09.obj using Guid(832b10b84ff7adf4eae6858c65540351) Importer(815301076,1909f56bfc062723c751e8b465ee728b)  -> (artifact id: '43a02a073b8ba1cf6913c1593b284755') in 0.024977 seconds 
========================================================================
Received Import Request.
  Time since last request: 30.659663 seconds.
  path: Assets/Models/TropicalFish10.obj
  artifactKey: Guid(63533681bec466a46a8ccaec63bd305d) Importer(815301076,1909f56bfc062723c751e8b465ee728b)
Start importing Assets/Models/TropicalFish10.obj using Guid(63533681bec466a46a8ccaec63bd305d) Importer(815301076,1909f56bfc062723c751e8b465ee728b)  -> (artifact id: '9bfd299e51c58946589acc495ae7f014') in 0.024834 seconds 
========================================================================
Received Import Request.
  Time since last request: 2.627574 seconds.
  path: Assets/Models/TropicalFish11.obj
  artifactKey: Guid(5a18328bb4c295e448c5cbb575dc644c) Importer(815301076,1909f56bfc062723c751e8b465ee728b)
Start importing Assets/Models/TropicalFish11.obj using Guid(5a18328bb4c295e448c5cbb575dc644c) Importer(815301076,1909f56bfc062723c751e8b465ee728b)  -> (artifact id: 'f19ab94fc49ac4b4c562305f575989cc') in 0.023276 seconds 
========================================================================
Received Import Request.
  Time since last request: 3.493578 seconds.
  path: Assets/Models/TropicalFish12.obj
  artifactKey: Guid(ff391e5262b0f1041a004f60f38013a4) Importer(815301076,1909f56bfc062723c751e8b465ee728b)
Start importing Assets/Models/TropicalFish12.obj using Guid(ff391e5262b0f1041a004f60f38013a4) Importer(815301076,1909f56bfc062723c751e8b465ee728b)  -> (artifact id: '19d9fc2fc367f69430eda5af02ea1ff2') in 0.028099 seconds 
========================================================================
Received Import Request.
  Time since last request: 3.512643 seconds.
  path: Assets/Models/TropicalFish13.obj
  artifactKey: Guid(be7fac02e3ddcb946b7ff6865412fe17) Importer(815301076,1909f56bfc062723c751e8b465ee728b)
Start importing Assets/Models/TropicalFish13.obj using Guid(be7fac02e3ddcb946b7ff6865412fe17) Importer(815301076,1909f56bfc062723c751e8b465ee728b)  -> (artifact id: 'f047c11c5ceb69f8d956d35ac18e2494') in 0.024496 seconds 
========================================================================
Received Import Request.
  Time since last request: 4.207270 seconds.
  path: Assets/Models/TropicalFish14.obj
  artifactKey: Guid(8bb3ac6f487424c41b97b43a46bc35ed) Importer(815301076,1909f56bfc062723c751e8b465ee728b)
Start importing Assets/Models/TropicalFish14.obj using Guid(8bb3ac6f487424c41b97b43a46bc35ed) Importer(815301076,1909f56bfc062723c751e8b465ee728b)  -> (artifact id: '21e89e413bcc20d4ab71d1301b7d5275') in 0.028090 seconds 
========================================================================
Received Import Request.
  Time since last request: 2.285297 seconds.
  path: Assets/Models/TropicalFish15.obj
  artifactKey: Guid(00560a8ca2634354bb6d0789fa7b003e) Importer(815301076,1909f56bfc062723c751e8b465ee728b)
Start importing Assets/Models/TropicalFish15.obj using Guid(00560a8ca2634354bb6d0789fa7b003e) Importer(815301076,1909f56bfc062723c751e8b465ee728b)  -> (artifact id: '0e9910e3a5a752b8665d2a26a817fd70') in 0.023885 seconds 
========================================================================
Received Import Request.
  Time since last request: 120.834419 seconds.
  path: Assets/Models/Tropical Fish
  artifactKey: Guid(66d7d919845b03b42828f034351b65c2) Importer(815301076,1909f56bfc062723c751e8b465ee728b)
Start importing Assets/Models/Tropical Fish using Guid(66d7d919845b03b42828f034351b65c2) Importer(815301076,1909f56bfc062723c751e8b465ee728b)  -> (artifact id: '94366e2de6369f7cc01a37daa05fcb08') in 0.002169 seconds 
========================================================================
Received Import Request.
  Time since last request: 23.687464 seconds.
  path: Assets/Textures/Tropical Fish Textures
  artifactKey: Guid(59ecb760c520aea419c8815fa8f8f524) Importer(815301076,1909f56bfc062723c751e8b465ee728b)
Start importing Assets/Textures/Tropical Fish Textures using Guid(59ecb760c520aea419c8815fa8f8f524) Importer(815301076,1909f56bfc062723c751e8b465ee728b)  -> (artifact id: 'a90e45da9ab3dd908f878adff3f4e859') in 0.002340 seconds 
========================================================================
Received Import Request.
  Time since last request: 27.199631 seconds.
  path: Assets/Textures/Tropical Fish Textures/TropicalFish01.jpg
  artifactKey: Guid(fdf008b52da51cd46887f32250d5a54c) Importer(815301076,1909f56bfc062723c751e8b465ee728b)
Start importing Assets/Textures/Tropical Fish Textures/TropicalFish01.jpg using Guid(fdf008b52da51cd46887f32250d5a54c) Importer(815301076,1909f56bfc062723c751e8b465ee728b)  -> (artifact id: '0ffd98f600f8e52a79d3202290a5333f') in 0.012806 seconds 
========================================================================
Received Import Request.
  Time since last request: 0.000018 seconds.
  path: Assets/Textures/Tropical Fish Textures/TropicalFish03.jpg
  artifactKey: Guid(f0a302e03d3ceab45bf62a9784f047f4) Importer(815301076,1909f56bfc062723c751e8b465ee728b)
Start importing Assets/Textures/Tropical Fish Textures/TropicalFish03.jpg using Guid(f0a302e03d3ceab45bf62a9784f047f4) Importer(815301076,1909f56bfc062723c751e8b465ee728b)  -> (artifact id: 'a7e3d8b2c881c8a6931b0860ab7ac740') in 0.010683 seconds 
========================================================================
Received Import Request.
  Time since last request: 4.591572 seconds.
  path: Assets/Textures/Tropical Fish Textures/TropicalFish04.jpg
  artifactKey: Guid(42da54d205f117e41be7871942e2f563) Importer(815301076,1909f56bfc062723c751e8b465ee728b)
Start importing Assets/Textures/Tropical Fish Textures/TropicalFish04.jpg using Guid(42da54d205f117e41be7871942e2f563) Importer(815301076,1909f56bfc062723c751e8b465ee728b)  -> (artifact id: '94ff38edfc55c95dc2a3c257f508d925') in 0.008642 seconds 
========================================================================
Received Import Request.
  Time since last request: 2.837299 seconds.
  path: Assets/Textures/Tropical Fish Textures/TropicalFish05.jpg
  artifactKey: Guid(cd8e0c5f66c23e743ac38d5efed3d5db) Importer(815301076,1909f56bfc062723c751e8b465ee728b)
Start importing Assets/Textures/Tropical Fish Textures/TropicalFish05.jpg using Guid(cd8e0c5f66c23e743ac38d5efed3d5db) Importer(815301076,1909f56bfc062723c751e8b465ee728b)  -> (artifact id: '5f24e8bd862b0615c27d30ca0e6ad373') in 0.008147 seconds 
========================================================================
Received Import Request.
  Time since last request: 3.395917 seconds.
  path: Assets/Textures/Tropical Fish Textures/TropicalFish06.jpg
  artifactKey: Guid(82034e4432aa7e34888a8845d6e458d0) Importer(815301076,1909f56bfc062723c751e8b465ee728b)
Start importing Assets/Textures/Tropical Fish Textures/TropicalFish06.jpg using Guid(82034e4432aa7e34888a8845d6e458d0) Importer(815301076,1909f56bfc062723c751e8b465ee728b)  -> (artifact id: 'f23a7f443c79b780907f0298e4807a05') in 0.008117 seconds 
========================================================================
Received Import Request.
  Time since last request: 2.182626 seconds.
  path: Assets/Textures/Tropical Fish Textures/TropicalFish07.jpg
  artifactKey: Guid(b1ff1fa5bdbeab94ab3f858b4ead8e20) Importer(815301076,1909f56bfc062723c751e8b465ee728b)
Start importing Assets/Textures/Tropical Fish Textures/TropicalFish07.jpg using Guid(b1ff1fa5bdbeab94ab3f858b4ead8e20) Importer(815301076,1909f56bfc062723c751e8b465ee728b)  -> (artifact id: 'f0003501363aaaa5434518a6c23984a6') in 0.008004 seconds 
========================================================================
Received Import Request.
  Time since last request: 2.805205 seconds.
  path: Assets/Textures/Tropical Fish Textures/TropicalFish08.jpg
  artifactKey: Guid(cf065139a1c6d954f9bf18d0fc52f3a6) Importer(815301076,1909f56bfc062723c751e8b465ee728b)
Start importing Assets/Textures/Tropical Fish Textures/TropicalFish08.jpg using Guid(cf065139a1c6d954f9bf18d0fc52f3a6) Importer(815301076,1909f56bfc062723c751e8b465ee728b)  -> (artifact id: '5a2f2f6cb39bf0781b2b2080f53540cf') in 0.007570 seconds 
========================================================================
Received Import Request.
  Time since last request: 3.178460 seconds.
  path: Assets/Textures/Tropical Fish Textures/TropicalFish09.jpg
  artifactKey: Guid(f7c5af72b404a0d41b9d4fc5e073cd7d) Importer(815301076,1909f56bfc062723c751e8b465ee728b)
Start importing Assets/Textures/Tropical Fish Textures/TropicalFish09.jpg using Guid(f7c5af72b404a0d41b9d4fc5e073cd7d) Importer(815301076,1909f56bfc062723c751e8b465ee728b)  -> (artifact id: 'ffa2507ce01f2d8097bc49700dbdf492') in 0.007587 seconds 
========================================================================
Received Import Request.
  Time since last request: 4.057980 seconds.
  path: Assets/Textures/Tropical Fish Textures/TropicalFish10.jpg
  artifactKey: Guid(45d9adedfc00a104da5d786833651327) Importer(815301076,1909f56bfc062723c751e8b465ee728b)
Start importing Assets/Textures/Tropical Fish Textures/TropicalFish10.jpg using Guid(45d9adedfc00a104da5d786833651327) Importer(815301076,1909f56bfc062723c751e8b465ee728b)  -> (artifact id: '70133db384fbcaa9585d5aff38509d74') in 0.007925 seconds 
========================================================================
Received Import Request.
  Time since last request: 2.579567 seconds.
  path: Assets/Textures/Tropical Fish Textures/TropicalFish11.jpg
  artifactKey: Guid(4c7e70304c2c8b94cb033120d20ef35e) Importer(815301076,1909f56bfc062723c751e8b465ee728b)
Start importing Assets/Textures/Tropical Fish Textures/TropicalFish11.jpg using Guid(4c7e70304c2c8b94cb033120d20ef35e) Importer(815301076,1909f56bfc062723c751e8b465ee728b)  -> (artifact id: '8ccad914a71f9c6ccf442a4f97ddc4fa') in 0.007953 seconds 
========================================================================
Received Import Request.
  Time since last request: 3.279667 seconds.
  path: Assets/Textures/Tropical Fish Textures/TropicalFish12.jpg
  artifactKey: Guid(25d47c1ab798bbd41b3384a70c7b4066) Importer(815301076,1909f56bfc062723c751e8b465ee728b)
Start importing Assets/Textures/Tropical Fish Textures/TropicalFish12.jpg using Guid(25d47c1ab798bbd41b3384a70c7b4066) Importer(815301076,1909f56bfc062723c751e8b465ee728b)  -> (artifact id: 'd6c4591cb3363af5e0e83e3a99e3aed4') in 0.009063 seconds 
========================================================================
Received Import Request.
  Time since last request: 2.812468 seconds.
  path: Assets/Textures/Tropical Fish Textures/TropicalFish13.jpg
  artifactKey: Guid(70a2ec5a42cebb34a82955718e3c4022) Importer(815301076,1909f56bfc062723c751e8b465ee728b)
Start importing Assets/Textures/Tropical Fish Textures/TropicalFish13.jpg using Guid(70a2ec5a42cebb34a82955718e3c4022) Importer(815301076,1909f56bfc062723c751e8b465ee728b)  -> (artifact id: '3bd6ed00c21e4f23097539567dfc90db') in 0.007571 seconds 
========================================================================
Received Import Request.
  Time since last request: 3.737439 seconds.
  path: Assets/Textures/Tropical Fish Textures/TropicalFish14.jpg
  artifactKey: Guid(0aec66e5ec43fcb4ea3fb27b42763fa4) Importer(815301076,1909f56bfc062723c751e8b465ee728b)
Start importing Assets/Textures/Tropical Fish Textures/TropicalFish14.jpg using Guid(0aec66e5ec43fcb4ea3fb27b42763fa4) Importer(815301076,1909f56bfc062723c751e8b465ee728b)  -> (artifact id: '861a6459da671ba026f9d3d86ffffb5e') in 0.007860 seconds 
========================================================================
Received Import Request.
  Time since last request: 2.868730 seconds.
  path: Assets/Textures/Tropical Fish Textures/TropicalFish15.jpg
  artifactKey: Guid(dfc613f998276884a886786fd7bba7aa) Importer(815301076,1909f56bfc062723c751e8b465ee728b)
Start importing Assets/Textures/Tropical Fish Textures/TropicalFish15.jpg using Guid(dfc613f998276884a886786fd7bba7aa) Importer(815301076,1909f56bfc062723c751e8b465ee728b)  -> (artifact id: '19e12e2e79558565c732d95d183263a8') in 0.007974 seconds 
========================================================================
Received Prepare
Registering precompiled user dll's ...
Registered in 0.007337 seconds.
Begin MonoManager ReloadAssembly
Symbol file LoadedFromMemory doesn't match image C:\Users\Em\Desktop\CMPM 121\CMPM 121 Homework 1\Library\PackageCache\com.unity.visualscripting@1.7.8\Editor\VisualScripting.Core\Dependencies\YamlDotNet\Unity.VisualScripting.YamlDotNet.dll
Symbol file LoadedFromMemory doesn't match image C:\Users\Em\Desktop\CMPM 121\CMPM 121 Homework 1\Library\PackageCache\com.unity.visualscripting@1.7.8\Editor\VisualScripting.Core\Dependencies\DotNetZip\Unity.VisualScripting.IonicZip.dll
Native extension for WindowsStandalone target not found
Native extension for WebGL target not found
Refreshing native plugins compatible for Editor in 0.56 ms, found 3 plugins.
Preloading 0 native plugins for Editor in 0.00 ms.
Mono: successfully reloaded assembly
- Completed reload, in  1.035 seconds
Domain Reload Profiling:
	ReloadAssembly (1036ms)
		BeginReloadAssembly (227ms)
			ExecutionOrderSort (0ms)
			DisableScriptedObjects (10ms)
			BackupInstance (0ms)
			ReleaseScriptingObjects (0ms)
			CreateAndSetChildDomain (94ms)
		EndReloadAssembly (713ms)
			LoadAssemblies (91ms)
			RebuildTransferFunctionScriptingTraits (0ms)
			SetupTypeCache (256ms)
			ReleaseScriptCaches (2ms)
			RebuildScriptCaches (38ms)
			SetupLoadedEditorAssemblies (302ms)
				LogAssemblyErrors (0ms)
				InitializePlatformSupportModulesInManaged (14ms)
				SetLoadedEditorAssemblies (1ms)
				RefreshPlugins (1ms)
				BeforeProcessingInitializeOnLoad (64ms)
				ProcessInitializeOnLoadAttributes (184ms)
				ProcessInitializeOnLoadMethodAttributes (30ms)
				AfterProcessingInitializeOnLoad (9ms)
				EditorAssembliesLoaded (0ms)
			ExecutionOrderSort2 (0ms)
			AwakeInstancesAfterBackupRestoration (6ms)
Platform modules already initialized, skipping
Refreshing native plugins compatible for Editor in 1.73 ms, found 3 plugins.
Preloading 0 native plugins for Editor in 0.00 ms.
Unloading 3376 Unused Serialized files (Serialized files now loaded: 0)
Unloading 20 unused Assets / (79.9 KB). Loaded Objects now: 3893.
Memory consumption went from 122.2 MB to 122.1 MB.
Total: 4.028800 ms (FindLiveObjects: 0.300800 ms CreateObjectMapping: 0.313300 ms MarkObjects: 3.306700 ms  DeleteObjects: 0.106800 ms)

AssetImportParameters requested are different than current active one (requested -> active):
  custom:video-decoder-ogg-theora: a1e56fd34408186e4bbccfd4996cb3dc -> 
  custom:container-muxer-webm: aa71ff27fc2769a1b78a27578f13a17b -> 
  custom:container-demuxer-webm: 4f35f7cbe854078d1ac9338744f61a02 -> 
  custom:video-encoder-webm-vp8: eb34c28f22e8b96e1ab97ce403110664 -> 
  custom:audio-encoder-webm-vorbis: bf7c407c2cedff20999df2af8eb42d56 -> 
  custom:framework-win-MediaFoundation: 216162199b28c13a410421893ffa2e32 -> 
  custom:container-demuxer-ogg: 62fdf1f143b41e24485cea50d1cbac27 -> 
  custom:video-decoder-webm-vp8: 9c59270c3fd7afecdb556c50c9e8de78 -> 
  custom:audio-decoder-ogg-vorbis: bf7c407c2cedff20999df2af8eb42d56 -> 
========================================================================
Received Import Request.
  Time since last request: 1607.812316 seconds.
  path: Assets/Models/Tropical Fish/TropicalFish02.obj
  artifactKey: Guid(1b9b94978197d674a8f50d5be39344e3) Importer(815301076,1909f56bfc062723c751e8b465ee728b)
Start importing Assets/Models/Tropical Fish/TropicalFish02.obj using Guid(1b9b94978197d674a8f50d5be39344e3) Importer(815301076,1909f56bfc062723c751e8b465ee728b)  -> (artifact id: '9c5f600bcbc4d45de336aef9c2f38732') in 0.118833 seconds 
========================================================================
Received Import Request.
  Time since last request: 23.456139 seconds.
  path: Assets/Models/Tropical Fish/TropicalFish02.obj
  artifactKey: Guid(1b9b94978197d674a8f50d5be39344e3) Importer(815301076,1909f56bfc062723c751e8b465ee728b)
Start importing Assets/Models/Tropical Fish/TropicalFish02.obj using Guid(1b9b94978197d674a8f50d5be39344e3) Importer(815301076,1909f56bfc062723c751e8b465ee728b)  -> (artifact id: '1c93902fc4630ff3bfbc4e6d67c2a821') in 0.029922 seconds 
========================================================================
Received Import Request.
  Time since last request: 10.157200 seconds.
  path: Assets/Models/Tropical Fish/TropicalFish02.obj
  artifactKey: Guid(1b9b94978197d674a8f50d5be39344e3) Importer(815301076,1909f56bfc062723c751e8b465ee728b)
Start importing Assets/Models/Tropical Fish/TropicalFish02.obj using Guid(1b9b94978197d674a8f50d5be39344e3) Importer(815301076,1909f56bfc062723c751e8b465ee728b)  -> (artifact id: '0fc14b28b6bff2928c612142357ab54d') in 0.031018 seconds 
========================================================================
Received Import Request.
  Time since last request: 11.557484 seconds.
  path: Assets/Models/Tropical Fish/TropicalFish02.obj
  artifactKey: Guid(1b9b94978197d674a8f50d5be39344e3) Importer(815301076,1909f56bfc062723c751e8b465ee728b)
Start importing Assets/Models/Tropical Fish/TropicalFish02.obj using Guid(1b9b94978197d674a8f50d5be39344e3) Importer(815301076,1909f56bfc062723c751e8b465ee728b)  -> (artifact id: 'd70057bb33ae9a5ff8026d3d94ec74a2') in 0.017957 seconds 
========================================================================
Received Import Request.
  Time since last request: 24.990896 seconds.
  path: Assets/Models/Tropical Fish/TropicalFish02.obj
  artifactKey: Guid(1b9b94978197d674a8f50d5be39344e3) Importer(815301076,1909f56bfc062723c751e8b465ee728b)
Start importing Assets/Models/Tropical Fish/TropicalFish02.obj using Guid(1b9b94978197d674a8f50d5be39344e3) Importer(815301076,1909f56bfc062723c751e8b465ee728b)  -> (artifact id: '2b474d05394d1379f819179c13023b38') in 0.024153 seconds 
========================================================================
Received Import Request.
  Time since last request: 256.168558 seconds.
  path: Assets/Models/Tropical Fish/TropicalFish03.obj
  artifactKey: Guid(669215bb985bc56418e0d433e505708c) Importer(815301076,1909f56bfc062723c751e8b465ee728b)
Start importing Assets/Models/Tropical Fish/TropicalFish03.obj using Guid(669215bb985bc56418e0d433e505708c) Importer(815301076,1909f56bfc062723c751e8b465ee728b)  -> (artifact id: '58223b9395db65e89de3586a77185fd2') in 0.027513 seconds 
========================================================================
Received Import Request.
  Time since last request: 14.127359 seconds.
  path: Assets/Models/Tropical Fish/TropicalFish03.obj
  artifactKey: Guid(669215bb985bc56418e0d433e505708c) Importer(815301076,1909f56bfc062723c751e8b465ee728b)
Start importing Assets/Models/Tropical Fish/TropicalFish03.obj using Guid(669215bb985bc56418e0d433e505708c) Importer(815301076,1909f56bfc062723c751e8b465ee728b)  -> (artifact id: 'c886e14a6278e622fad6713e52837ee4') in 0.022569 seconds 
========================================================================
Received Import Request.
  Time since last request: 56.279342 seconds.
  path: Assets/Models/Tropical Fish/TropicalFish03.obj
  artifactKey: Guid(669215bb985bc56418e0d433e505708c) Importer(815301076,1909f56bfc062723c751e8b465ee728b)
Start importing Assets/Models/Tropical Fish/TropicalFish03.obj using Guid(669215bb985bc56418e0d433e505708c) Importer(815301076,1909f56bfc062723c751e8b465ee728b)  -> (artifact id: 'e07f563d3dd6df541c37fc7d518fcc8c') in 0.029584 seconds 
========================================================================
Received Import Request.
  Time since last request: 21.609340 seconds.
  path: Assets/Models/Tropical Fish/TropicalFish03.obj
  artifactKey: Guid(669215bb985bc56418e0d433e505708c) Importer(815301076,1909f56bfc062723c751e8b465ee728b)
Start importing Assets/Models/Tropical Fish/TropicalFish03.obj using Guid(669215bb985bc56418e0d433e505708c) Importer(815301076,1909f56bfc062723c751e8b465ee728b)  -> (artifact id: '81987d6d9c55ef22ba141f80b7b09b7d') in 0.025307 seconds 
========================================================================
Received Import Request.
  Time since last request: 154.648799 seconds.
  path: Assets/Models/Tropical Fish/TropicalFish03.obj
  artifactKey: Guid(669215bb985bc56418e0d433e505708c) Importer(815301076,1909f56bfc062723c751e8b465ee728b)
Start importing Assets/Models/Tropical Fish/TropicalFish03.obj using Guid(669215bb985bc56418e0d433e505708c) Importer(815301076,1909f56bfc062723c751e8b465ee728b)  -> (artifact id: '8a61b40242c35f820ef33ca3fc8c1790') in 0.021748 seconds 
