Using pre-set license
Built from '2021.3/staging' branch; Version is '2021.3.10f1 (1c7d0df0160b) revision 1867021'; Using compiler version '192829333'; Build Type 'Release'
OS: 'Windows 10  (10.0.19044) 64bit Core' Language: 'en' Physical Memory: 16085 MB
BatchMode: 1, IsHumanControllingUs: 0, StartBugReporterOnCrash: 0, Is64bit: 1, IsPro: 1

COMMAND LINE ARGUMENTS:
C:\Program Files\Unity\Hub\Editor\2021.3.10f1\Editor\Unity.exe
-adb2
-batchMode
-noUpm
-name
AssetImportWorker1
-projectPath
C:/Users/Em/Desktop/CMPM 121/CMPM 121 Homework 1
-logFile
Logs/AssetImportWorker1.log
-srvPort
52254
Successfully changed project path to: C:/Users/Em/Desktop/CMPM 121/CMPM 121 Homework 1
C:/Users/Em/Desktop/CMPM 121/CMPM 121 Homework 1
[UnityMemory] Configuration Parameters - Can be set up in boot.config
    "memorysetup-bucket-allocator-granularity=16"
    "memorysetup-bucket-allocator-bucket-count=8"
    "memorysetup-bucket-allocator-block-size=33554432"
    "memorysetup-bucket-allocator-block-count=8"
    "memorysetup-main-allocator-block-size=16777216"
    "memorysetup-thread-allocator-block-size=16777216"
    "memorysetup-gfx-main-allocator-block-size=16777216"
    "memorysetup-gfx-thread-allocator-block-size=16777216"
    "memorysetup-cache-allocator-block-size=4194304"
    "memorysetup-typetree-allocator-block-size=2097152"
    "memorysetup-profiler-bucket-allocator-granularity=16"
    "memorysetup-profiler-bucket-allocator-bucket-count=8"
    "memorysetup-profiler-bucket-allocator-block-size=33554432"
    "memorysetup-profiler-bucket-allocator-block-count=8"
    "memorysetup-profiler-allocator-block-size=16777216"
    "memorysetup-profiler-editor-allocator-block-size=1048576"
    "memorysetup-temp-allocator-size-main=16777216"
    "memorysetup-job-temp-allocator-block-size=2097152"
    "memorysetup-job-temp-allocator-block-size-background=1048576"
    "memorysetup-job-temp-allocator-reduction-small-platforms=262144"
    "memorysetup-temp-allocator-size-background-worker=32768"
    "memorysetup-temp-allocator-size-job-worker=262144"
    "memorysetup-temp-allocator-size-preload-manager=33554432"
    "memorysetup-temp-allocator-size-nav-mesh-worker=65536"
    "memorysetup-temp-allocator-size-audio-worker=65536"
    "memorysetup-temp-allocator-size-cloud-worker=32768"
    "memorysetup-temp-allocator-size-gi-baking-worker=262144"
    "memorysetup-temp-allocator-size-gfx=262144"
Refreshing native plugins compatible for Editor in 91.90 ms, found 3 plugins.
Preloading 0 native plugins for Editor in 0.00 ms.
Initialize engine version: 2021.3.10f1 (1c7d0df0160b)
[Subsystems] Discovering subsystems at path C:/Program Files/Unity/Hub/Editor/2021.3.10f1/Editor/Data/Resources/UnitySubsystems
[Subsystems] Discovering subsystems at path C:/Users/Em/Desktop/CMPM 121/CMPM 121 Homework 1/Assets
GfxDevice: creating device client; threaded=0; jobified=0
Direct3D:
    Version:  Direct3D 11.0 [level 11.1]
    Renderer: NVIDIA GeForce RTX 3060 Laptop GPU (ID=0x2520)
    Vendor:   NVIDIA
    VRAM:     6023 MB
    Driver:   31.0.15.1659
Initialize mono
Mono path[0] = 'C:/Program Files/Unity/Hub/Editor/2021.3.10f1/Editor/Data/Managed'
Mono path[1] = 'C:/Program Files/Unity/Hub/Editor/2021.3.10f1/Editor/Data/MonoBleedingEdge/lib/mono/unityjit-win32'
Mono config path = 'C:/Program Files/Unity/Hub/Editor/2021.3.10f1/Editor/Data/MonoBleedingEdge/etc'
Using monoOptions --debugger-agent=transport=dt_socket,embedding=1,server=y,suspend=n,address=127.0.0.1:56120
Begin MonoManager ReloadAssembly
Registering precompiled unity dll's ...
Register platform support module: C:/Program Files/Unity/Hub/Editor/2021.3.10f1/Editor/Data/PlaybackEngines/WebGLSupport/UnityEditor.WebGL.Extensions.dll
Register platform support module: C:/Program Files/Unity/Hub/Editor/2021.3.10f1/Editor/Data/PlaybackEngines/WindowsStandaloneSupport/UnityEditor.WindowsStandalone.Extensions.dll
Registered in 0.010877 seconds.
Native extension for WindowsStandalone target not found
Native extension for WebGL target not found
Refreshing native plugins compatible for Editor in 99.41 ms, found 3 plugins.
Preloading 0 native plugins for Editor in 0.00 ms.
Mono: successfully reloaded assembly
- Completed reload, in  0.742 seconds
Domain Reload Profiling:
	ReloadAssembly (742ms)
		BeginReloadAssembly (90ms)
			ExecutionOrderSort (0ms)
			DisableScriptedObjects (0ms)
			BackupInstance (0ms)
			ReleaseScriptingObjects (0ms)
			CreateAndSetChildDomain (1ms)
		EndReloadAssembly (526ms)
			LoadAssemblies (88ms)
			RebuildTransferFunctionScriptingTraits (0ms)
			SetupTypeCache (125ms)
			ReleaseScriptCaches (0ms)
			RebuildScriptCaches (30ms)
			SetupLoadedEditorAssemblies (318ms)
				LogAssemblyErrors (0ms)
				InitializePlatformSupportModulesInManaged (10ms)
				SetLoadedEditorAssemblies (0ms)
				RefreshPlugins (100ms)
				BeforeProcessingInitializeOnLoad (1ms)
				ProcessInitializeOnLoadAttributes (158ms)
				ProcessInitializeOnLoadMethodAttributes (49ms)
				AfterProcessingInitializeOnLoad (0ms)
				EditorAssembliesLoaded (0ms)
			ExecutionOrderSort2 (0ms)
			AwakeInstancesAfterBackupRestoration (0ms)
Platform modules already initialized, skipping
Registering precompiled user dll's ...
Registered in 0.005097 seconds.
Begin MonoManager ReloadAssembly
Symbol file LoadedFromMemory doesn't match image C:\Users\Em\Desktop\CMPM 121\CMPM 121 Homework 1\Library\PackageCache\com.unity.visualscripting@1.7.8\Editor\VisualScripting.Core\Dependencies\YamlDotNet\Unity.VisualScripting.YamlDotNet.dll
Symbol file LoadedFromMemory doesn't match image C:\Users\Em\Desktop\CMPM 121\CMPM 121 Homework 1\Library\PackageCache\com.unity.visualscripting@1.7.8\Editor\VisualScripting.Core\Dependencies\DotNetZip\Unity.VisualScripting.IonicZip.dll
Native extension for WindowsStandalone target not found
Native extension for WebGL target not found
Refreshing native plugins compatible for Editor in 0.47 ms, found 3 plugins.
Preloading 0 native plugins for Editor in 0.00 ms.
Mono: successfully reloaded assembly
- Completed reload, in  0.872 seconds
Domain Reload Profiling:
	ReloadAssembly (873ms)
		BeginReloadAssembly (107ms)
			ExecutionOrderSort (0ms)
			DisableScriptedObjects (6ms)
			BackupInstance (0ms)
			ReleaseScriptingObjects (0ms)
			CreateAndSetChildDomain (15ms)
		EndReloadAssembly (642ms)
			LoadAssemblies (82ms)
			RebuildTransferFunctionScriptingTraits (0ms)
			SetupTypeCache (190ms)
			ReleaseScriptCaches (1ms)
			RebuildScriptCaches (48ms)
			SetupLoadedEditorAssemblies (312ms)
				LogAssemblyErrors (0ms)
				InitializePlatformSupportModulesInManaged (6ms)
				SetLoadedEditorAssemblies (0ms)
				RefreshPlugins (1ms)
				BeforeProcessingInitializeOnLoad (71ms)
				ProcessInitializeOnLoadAttributes (204ms)
				ProcessInitializeOnLoadMethodAttributes (21ms)
				AfterProcessingInitializeOnLoad (9ms)
				EditorAssembliesLoaded (0ms)
			ExecutionOrderSort2 (0ms)
			AwakeInstancesAfterBackupRestoration (5ms)
Platform modules already initialized, skipping
========================================================================
Worker process is ready to serve import requests
Launched and connected shader compiler UnityShaderCompiler.exe after 0.03 seconds
Refreshing native plugins compatible for Editor in 0.56 ms, found 3 plugins.
Preloading 0 native plugins for Editor in 0.00 ms.
Unloading 3381 Unused Serialized files (Serialized files now loaded: 0)
Unloading 27 unused Assets / (113.4 KB). Loaded Objects now: 3838.
Memory consumption went from 116.3 MB to 116.2 MB.
Total: 2.667000 ms (FindLiveObjects: 0.282700 ms CreateObjectMapping: 0.087000 ms MarkObjects: 2.173400 ms  DeleteObjects: 0.123000 ms)

AssetImportParameters requested are different than current active one (requested -> active):
  custom:video-decoder-ogg-theora: a1e56fd34408186e4bbccfd4996cb3dc -> 
  custom:container-muxer-webm: aa71ff27fc2769a1b78a27578f13a17b -> 
  custom:container-demuxer-webm: 4f35f7cbe854078d1ac9338744f61a02 -> 
  custom:video-encoder-webm-vp8: eb34c28f22e8b96e1ab97ce403110664 -> 
  custom:audio-encoder-webm-vorbis: bf7c407c2cedff20999df2af8eb42d56 -> 
  custom:framework-win-MediaFoundation: 216162199b28c13a410421893ffa2e32 -> 
  custom:container-demuxer-ogg: 62fdf1f143b41e24485cea50d1cbac27 -> 
  custom:video-decoder-webm-vp8: 9c59270c3fd7afecdb556c50c9e8de78 -> 
  custom:audio-decoder-ogg-vorbis: bf7c407c2cedff20999df2af8eb42d56 -> 
========================================================================
Received Import Request.
  Time since last request: 3275.192927 seconds.
  path: Assets/Models/Humpback whale/humpback_whale_model_baked_animation.FBX
  artifactKey: Guid(035a8130f4329504aaa80f75dc72628d) Importer(815301076,1909f56bfc062723c751e8b465ee728b)
Start importing Assets/Models/Humpback whale/humpback_whale_model_baked_animation.FBX using Guid(035a8130f4329504aaa80f75dc72628d) Importer(815301076,1909f56bfc062723c751e8b465ee728b)  -> (artifact id: '711fdbdbe5935ec1167a5494786683d5') in 0.294888 seconds 
========================================================================
Received Import Request.
  Time since last request: 19.932365 seconds.
  path: Assets/Models/Humpback whale/Materials/02 - Default.mat
  artifactKey: Guid(da7272eb982174944905bc546feabe8c) Importer(815301076,1909f56bfc062723c751e8b465ee728b)
Start importing Assets/Models/Humpback whale/Materials/02 - Default.mat using Guid(da7272eb982174944905bc546feabe8c) Importer(815301076,1909f56bfc062723c751e8b465ee728b)  -> (artifact id: 'e2d1448ff79595b80f988fafdf3285f8') in 0.033318 seconds 
========================================================================
Received Import Request.
  Time since last request: 0.000019 seconds.
  path: Assets/Models/Humpback whale/Materials/humpback_whale_col2.tga
  artifactKey: Guid(afe2c9fa7b684dc43b6898d2c3e38431) Importer(815301076,1909f56bfc062723c751e8b465ee728b)
Start importing Assets/Models/Humpback whale/Materials/humpback_whale_col2.tga using Guid(afe2c9fa7b684dc43b6898d2c3e38431) Importer(815301076,1909f56bfc062723c751e8b465ee728b)  -> (artifact id: '2ca69b4d59e8b2e3e0e93df367867bbb') in 0.019559 seconds 
========================================================================
Received Import Request.
  Time since last request: 789.642092 seconds.
  path: Assets/Textures/Sand textures pack/Sand 01/normal.tga
  artifactKey: Guid(c7ae2d77608d4fb4380bfcbf944e3282) Importer(815301076,1909f56bfc062723c751e8b465ee728b)
Start importing Assets/Textures/Sand textures pack/Sand 01/normal.tga using Guid(c7ae2d77608d4fb4380bfcbf944e3282) Importer(815301076,1909f56bfc062723c751e8b465ee728b)  -> (artifact id: 'd5b95caf15de696ed084d43b1e32ce2b') in 0.017166 seconds 
========================================================================
Received Import Request.
  Time since last request: 0.000026 seconds.
  path: Assets/Textures/Sand textures pack/Sand 01/Sand pattern 01.mat
  artifactKey: Guid(aefa62ee04789e745b9c2b7d23a21e67) Importer(815301076,1909f56bfc062723c751e8b465ee728b)
Start importing Assets/Textures/Sand textures pack/Sand 01/Sand pattern 01.mat using Guid(aefa62ee04789e745b9c2b7d23a21e67) Importer(815301076,1909f56bfc062723c751e8b465ee728b)  -> (artifact id: '6ed7e1ebfd8d6ead687a11d7bcf3da64') in 0.012923 seconds 
========================================================================
Received Import Request.
  Time since last request: 0.000020 seconds.
  path: Assets/Textures/Sand textures pack/Sand 01/preview.jpg
  artifactKey: Guid(c355b6f9819638f4c932556a463ed828) Importer(815301076,1909f56bfc062723c751e8b465ee728b)
Start importing Assets/Textures/Sand textures pack/Sand 01/preview.jpg using Guid(c355b6f9819638f4c932556a463ed828) Importer(815301076,1909f56bfc062723c751e8b465ee728b)  -> (artifact id: '77de15ccfa27f5fccf775dca12f3af5a') in 0.022010 seconds 
========================================================================
Received Import Request.
  Time since last request: 4.104837 seconds.
  path: Assets/Textures/Sand textures pack/Sand 02/normal.tga
  artifactKey: Guid(427cf221b0e5f4b4da9d0821562ddc18) Importer(815301076,1909f56bfc062723c751e8b465ee728b)
Start importing Assets/Textures/Sand textures pack/Sand 02/normal.tga using Guid(427cf221b0e5f4b4da9d0821562ddc18) Importer(815301076,1909f56bfc062723c751e8b465ee728b)  -> (artifact id: '65b638b7b5cefb6228927728b843eaad') in 0.010821 seconds 
========================================================================
Received Import Request.
  Time since last request: 0.000015 seconds.
  path: Assets/Textures/Sand textures pack/Sand 02/preview.jpg
  artifactKey: Guid(d718b052bebcf3f459b8b3643a53b25a) Importer(815301076,1909f56bfc062723c751e8b465ee728b)
Start importing Assets/Textures/Sand textures pack/Sand 02/preview.jpg using Guid(d718b052bebcf3f459b8b3643a53b25a) Importer(815301076,1909f56bfc062723c751e8b465ee728b)  -> (artifact id: 'f66be4f431675377e7536d5e9d22975e') in 0.010341 seconds 
========================================================================
Received Import Request.
  Time since last request: 12.028825 seconds.
  path: Assets/Textures/Sand textures pack/Sand 03/normal.tga
  artifactKey: Guid(6de787b941a84ab47aa819718eab2994) Importer(815301076,1909f56bfc062723c751e8b465ee728b)
Start importing Assets/Textures/Sand textures pack/Sand 03/normal.tga using Guid(6de787b941a84ab47aa819718eab2994) Importer(815301076,1909f56bfc062723c751e8b465ee728b)  -> (artifact id: 'e7a6376bbbb40cc55a2912667aedcf59') in 0.012806 seconds 
========================================================================
Received Import Request.
  Time since last request: 0.000020 seconds.
  path: Assets/Textures/Sand textures pack/Sand 03/Sand pattern 03.mat
  artifactKey: Guid(065a3f32f15eafa4c8ade8c33a885e9d) Importer(815301076,1909f56bfc062723c751e8b465ee728b)
Start importing Assets/Textures/Sand textures pack/Sand 03/Sand pattern 03.mat using Guid(065a3f32f15eafa4c8ade8c33a885e9d) Importer(815301076,1909f56bfc062723c751e8b465ee728b)  -> (artifact id: 'ec6dc1afabeb4746e0dec011bafb5346') in 0.010520 seconds 
========================================================================
Received Import Request.
  Time since last request: 3.915709 seconds.
  path: Assets/Textures/Sand textures pack/Sand 04/normal.tga
  artifactKey: Guid(5b605e7f683caf04cbc4b1b74299d86d) Importer(815301076,1909f56bfc062723c751e8b465ee728b)
Start importing Assets/Textures/Sand textures pack/Sand 04/normal.tga using Guid(5b605e7f683caf04cbc4b1b74299d86d) Importer(815301076,1909f56bfc062723c751e8b465ee728b)  -> (artifact id: '9e5608e9b059573f39e56611b9088012') in 0.012358 seconds 
========================================================================
Received Import Request.
  Time since last request: 0.000018 seconds.
  path: Assets/Textures/Sand textures pack/Sand 04/Sand pattern 04.mat
  artifactKey: Guid(5316922ceb4b0e049a0264d9d31c6a43) Importer(815301076,1909f56bfc062723c751e8b465ee728b)
Start importing Assets/Textures/Sand textures pack/Sand 04/Sand pattern 04.mat using Guid(5316922ceb4b0e049a0264d9d31c6a43) Importer(815301076,1909f56bfc062723c751e8b465ee728b)  -> (artifact id: 'fd9118eb56acd4957b49619facb1a57d') in 0.011039 seconds 
========================================================================
Received Import Request.
  Time since last request: 4.054986 seconds.
  path: Assets/Textures/Sand textures pack/Sand 05/normal.tga
  artifactKey: Guid(0dd806b1d20ab4a43bf0aa049663105f) Importer(815301076,1909f56bfc062723c751e8b465ee728b)
Start importing Assets/Textures/Sand textures pack/Sand 05/normal.tga using Guid(0dd806b1d20ab4a43bf0aa049663105f) Importer(815301076,1909f56bfc062723c751e8b465ee728b)  -> (artifact id: '034ef0e85e9166cd05a8a2a612c34ec8') in 0.009148 seconds 
========================================================================
Received Import Request.
  Time since last request: 0.000015 seconds.
  path: Assets/Textures/Sand textures pack/Sand 05/preview.jpg
  artifactKey: Guid(784e6c9e2fe61334ea00c90f586799b4) Importer(815301076,1909f56bfc062723c751e8b465ee728b)
Start importing Assets/Textures/Sand textures pack/Sand 05/preview.jpg using Guid(784e6c9e2fe61334ea00c90f586799b4) Importer(815301076,1909f56bfc062723c751e8b465ee728b)  -> (artifact id: '60b00f50c809c1ac36dc0d055097cb01') in 0.007175 seconds 
========================================================================
Received Import Request.
  Time since last request: 6.943920 seconds.
  path: Assets/Textures/Sand textures pack/Sand 09/normal.tga
  artifactKey: Guid(db2aff9b79c106746afb3167aeea3bd1) Importer(815301076,1909f56bfc062723c751e8b465ee728b)
Start importing Assets/Textures/Sand textures pack/Sand 09/normal.tga using Guid(db2aff9b79c106746afb3167aeea3bd1) Importer(815301076,1909f56bfc062723c751e8b465ee728b)  -> (artifact id: 'f66fdb83d9e7923d7a6fd6e403a93f39') in 0.009664 seconds 
========================================================================
Received Import Request.
  Time since last request: 0.000015 seconds.
  path: Assets/Textures/Sand textures pack/Sand 09/Sand pattern 09.mat
  artifactKey: Guid(82f5feab8d85b3d4bb877287d1f8fb27) Importer(815301076,1909f56bfc062723c751e8b465ee728b)
Start importing Assets/Textures/Sand textures pack/Sand 09/Sand pattern 09.mat using Guid(82f5feab8d85b3d4bb877287d1f8fb27) Importer(815301076,1909f56bfc062723c751e8b465ee728b)  -> (artifact id: '194b8babd7a1fda1cf609c407e69b754') in 0.009586 seconds 
========================================================================
Received Import Request.
  Time since last request: 2.659994 seconds.
  path: Assets/Textures/Sand textures pack/Sand 08/normal.tga
  artifactKey: Guid(fe410fd1abc028549802745a6ba31814) Importer(815301076,1909f56bfc062723c751e8b465ee728b)
Start importing Assets/Textures/Sand textures pack/Sand 08/normal.tga using Guid(fe410fd1abc028549802745a6ba31814) Importer(815301076,1909f56bfc062723c751e8b465ee728b)  -> (artifact id: '11a8e61bc076941914f8c83800cfc0c3') in 0.008027 seconds 
========================================================================
Received Import Request.
  Time since last request: 0.000015 seconds.
  path: Assets/Textures/Sand textures pack/Sand 08/Sand pattern 08.mat
  artifactKey: Guid(5932f2760d420ff4da6d82bd54fe830d) Importer(815301076,1909f56bfc062723c751e8b465ee728b)
Start importing Assets/Textures/Sand textures pack/Sand 08/Sand pattern 08.mat using Guid(5932f2760d420ff4da6d82bd54fe830d) Importer(815301076,1909f56bfc062723c751e8b465ee728b)  -> (artifact id: 'b4cf69709588e305412137546f03b822') in 0.009482 seconds 
========================================================================
Received Import Request.
  Time since last request: 2.587552 seconds.
  path: Assets/Textures/Sand textures pack/Sand 07/normal.tga
  artifactKey: Guid(1ca8aa938472ee44881646574d844978) Importer(815301076,1909f56bfc062723c751e8b465ee728b)
Start importing Assets/Textures/Sand textures pack/Sand 07/normal.tga using Guid(1ca8aa938472ee44881646574d844978) Importer(815301076,1909f56bfc062723c751e8b465ee728b)  -> (artifact id: '8ccd9899c9c8f10ff84222871c6b0151') in 0.014385 seconds 
========================================================================
Received Import Request.
  Time since last request: 0.000018 seconds.
  path: Assets/Textures/Sand textures pack/Sand 07/preview.jpg
  artifactKey: Guid(5415f499916bc6343be05490a1cf31de) Importer(815301076,1909f56bfc062723c751e8b465ee728b)
Start importing Assets/Textures/Sand textures pack/Sand 07/preview.jpg using Guid(5415f499916bc6343be05490a1cf31de) Importer(815301076,1909f56bfc062723c751e8b465ee728b)  -> (artifact id: '39d27c96b603fd795fb8c848cdffe1fc') in 0.010338 seconds 
========================================================================
Received Import Request.
  Time since last request: 2.239539 seconds.
  path: Assets/Textures/Sand textures pack/Sand 06/normal.tga
  artifactKey: Guid(b8a33275f31850a48b5abd4c13a44cd4) Importer(815301076,1909f56bfc062723c751e8b465ee728b)
Start importing Assets/Textures/Sand textures pack/Sand 06/normal.tga using Guid(b8a33275f31850a48b5abd4c13a44cd4) Importer(815301076,1909f56bfc062723c751e8b465ee728b)  -> (artifact id: 'af9a530e9b32bb333af7854b63a00380') in 0.010932 seconds 
========================================================================
Received Import Request.
  Time since last request: 0.000015 seconds.
  path: Assets/Textures/Sand textures pack/Sand 06/Sand pattern 06.mat
  artifactKey: Guid(983e0992e19cd6b488952f5565ef1372) Importer(815301076,1909f56bfc062723c751e8b465ee728b)
Start importing Assets/Textures/Sand textures pack/Sand 06/Sand pattern 06.mat using Guid(983e0992e19cd6b488952f5565ef1372) Importer(815301076,1909f56bfc062723c751e8b465ee728b)  -> (artifact id: '75e669115ed2ea7f1c7325eabca70956') in 0.010853 seconds 
========================================================================
Received Import Request.
  Time since last request: 1492.813306 seconds.
  path: Assets/Textures/TextureHaven/rock_4k/rock_4k_textures/rock_01/rock_01_AO_4k.png
  artifactKey: Guid(8b2e6e2d988b31d4d985779b70119183) Importer(815301076,1909f56bfc062723c751e8b465ee728b)
Start importing Assets/Textures/TextureHaven/rock_4k/rock_4k_textures/rock_01/rock_01_AO_4k.png using Guid(8b2e6e2d988b31d4d985779b70119183) Importer(815301076,1909f56bfc062723c751e8b465ee728b)  -> (artifact id: 'a76f831b629639f8ccaf636b4866dfb3') in 0.033598 seconds 
========================================================================
Received Import Request.
  Time since last request: 0.001928 seconds.
  path: Assets/Textures/TextureHaven/rock_4k/rock_4k_textures/rock_01/rock_01_Disp_4k.png
  artifactKey: Guid(27690ff8b2abefe449b1a46274715f42) Importer(815301076,1909f56bfc062723c751e8b465ee728b)
Start importing Assets/Textures/TextureHaven/rock_4k/rock_4k_textures/rock_01/rock_01_Disp_4k.png using Guid(27690ff8b2abefe449b1a46274715f42) Importer(815301076,1909f56bfc062723c751e8b465ee728b)  -> (artifact id: 'ff8031fcee610865fcc429ccf8d704fa') in 0.036974 seconds 
========================================================================
Received Import Request.
  Time since last request: 0.000022 seconds.
  path: Assets/Textures/TextureHaven/rock_4k/rock_4k_textures/rock_01/rock_01_spec_4k.png
  artifactKey: Guid(2de434db6324b484589d18d81405837c) Importer(815301076,1909f56bfc062723c751e8b465ee728b)
Start importing Assets/Textures/TextureHaven/rock_4k/rock_4k_textures/rock_01/rock_01_spec_4k.png using Guid(2de434db6324b484589d18d81405837c) Importer(815301076,1909f56bfc062723c751e8b465ee728b)  -> (artifact id: '58532342c1786e8adc36eb20a8bdaa80') in 0.021090 seconds 
========================================================================
Received Import Request.
  Time since last request: 0.000023 seconds.
  path: Assets/Textures/TextureHaven/rock_4k/rock_4k_textures/rock_01/rock_01_SpecSmoothness.png
  artifactKey: Guid(e8cdbb41f5a2e874585c42cce67c4737) Importer(815301076,1909f56bfc062723c751e8b465ee728b)
Start importing Assets/Textures/TextureHaven/rock_4k/rock_4k_textures/rock_01/rock_01_SpecSmoothness.png using Guid(e8cdbb41f5a2e874585c42cce67c4737) Importer(815301076,1909f56bfc062723c751e8b465ee728b)  -> (artifact id: '4b9305132dd941c595be8b0327762a9f') in 0.039231 seconds 
========================================================================
Received Import Request.
  Time since last request: 4.834518 seconds.
  path: Assets/Textures/TextureHaven/rock_4k/rock_4k_textures/rock_2/rock_2_bump_4k.png
  artifactKey: Guid(d4d597ab3444bbc44bf5437bb99de20e) Importer(815301076,1909f56bfc062723c751e8b465ee728b)
Start importing Assets/Textures/TextureHaven/rock_4k/rock_4k_textures/rock_2/rock_2_bump_4k.png using Guid(d4d597ab3444bbc44bf5437bb99de20e) Importer(815301076,1909f56bfc062723c751e8b465ee728b)  -> (artifact id: '2cd4d0706ee9e8b609e12cd236b148f8') in 0.030224 seconds 
========================================================================
Received Import Request.
  Time since last request: 0.000038 seconds.
  path: Assets/Textures/TextureHaven/rock_4k/rock_4k_textures/rock_2/rock_2_rough_4k.png
  artifactKey: Guid(28820781755190d438c38c019ba33390) Importer(815301076,1909f56bfc062723c751e8b465ee728b)
Start importing Assets/Textures/TextureHaven/rock_4k/rock_4k_textures/rock_2/rock_2_rough_4k.png using Guid(28820781755190d438c38c019ba33390) Importer(815301076,1909f56bfc062723c751e8b465ee728b)  -> (artifact id: 'c1cd08739d8cc2ef84bb905a581b8fb7') in 0.024900 seconds 
========================================================================
Received Import Request.
  Time since last request: 0.000022 seconds.
  path: Assets/Textures/TextureHaven/rock_4k/rock_4k_textures/rock_2/rock_2_spec_4k.png
  artifactKey: Guid(08e0ea3ccffb245488abe7410d2e0ad4) Importer(815301076,1909f56bfc062723c751e8b465ee728b)
Start importing Assets/Textures/TextureHaven/rock_4k/rock_4k_textures/rock_2/rock_2_spec_4k.png using Guid(08e0ea3ccffb245488abe7410d2e0ad4) Importer(815301076,1909f56bfc062723c751e8b465ee728b)  -> (artifact id: '41bb5a495c6cec121235322a88695695') in 0.024834 seconds 
========================================================================
Received Import Request.
  Time since last request: 8.510028 seconds.
  path: Assets/Textures/TextureHaven/rock_4k/rock_4k_textures/rock_05/rock_05_bump_4k.png
  artifactKey: Guid(9288d945ccb92f9408a6994b27246039) Importer(815301076,1909f56bfc062723c751e8b465ee728b)
Start importing Assets/Textures/TextureHaven/rock_4k/rock_4k_textures/rock_05/rock_05_bump_4k.png using Guid(9288d945ccb92f9408a6994b27246039) Importer(815301076,1909f56bfc062723c751e8b465ee728b)  -> (artifact id: 'd1b1616890f230c4350df2c54ce2497b') in 0.028184 seconds 
========================================================================
Received Import Request.
  Time since last request: 0.000024 seconds.
  path: Assets/Textures/TextureHaven/rock_4k/rock_4k_textures/rock_05/rock_05_SpecSmoothness.png
  artifactKey: Guid(4e310743aeb1e1b41b4bb61f85d56102) Importer(815301076,1909f56bfc062723c751e8b465ee728b)
Start importing Assets/Textures/TextureHaven/rock_4k/rock_4k_textures/rock_05/rock_05_SpecSmoothness.png using Guid(4e310743aeb1e1b41b4bb61f85d56102) Importer(815301076,1909f56bfc062723c751e8b465ee728b)  -> (artifact id: '67831e4f496c55bfaa1e723bc30859d0') in 0.045049 seconds 
========================================================================
Received Import Request.
  Time since last request: 4.781390 seconds.
  path: Assets/Textures/TextureHaven/rock_4k/rock_4k_textures/rock_04/rock_04_bump_4k.png
  artifactKey: Guid(c573312ede2fae64da06200a73f5c246) Importer(815301076,1909f56bfc062723c751e8b465ee728b)
Start importing Assets/Textures/TextureHaven/rock_4k/rock_4k_textures/rock_04/rock_04_bump_4k.png using Guid(c573312ede2fae64da06200a73f5c246) Importer(815301076,1909f56bfc062723c751e8b465ee728b)  -> (artifact id: '1fb3781f7edbc7ce1cbe7c90cd35f664') in 0.029970 seconds 
========================================================================
Received Import Request.
  Time since last request: 0.000021 seconds.
  path: Assets/Textures/TextureHaven/rock_4k/rock_4k_textures/rock_04/rock_04_disp_4k.png
  artifactKey: Guid(05c4c58395670094a90b28f8f4ad084d) Importer(815301076,1909f56bfc062723c751e8b465ee728b)
Start importing Assets/Textures/TextureHaven/rock_4k/rock_4k_textures/rock_04/rock_04_disp_4k.png using Guid(05c4c58395670094a90b28f8f4ad084d) Importer(815301076,1909f56bfc062723c751e8b465ee728b)  -> (artifact id: 'a98e5cc8ef3cb8d35549c3613262a1a7') in 0.050189 seconds 
========================================================================
Received Import Request.
  Time since last request: 35.307696 seconds.
  path: Assets/Textures/TextureHaven/rock_4k/rock_4k_textures/rock_06/rock_06_bump_4k.png
  artifactKey: Guid(7d484dd36d342484a97c138ef1abaa10) Importer(815301076,1909f56bfc062723c751e8b465ee728b)
Start importing Assets/Textures/TextureHaven/rock_4k/rock_4k_textures/rock_06/rock_06_bump_4k.png using Guid(7d484dd36d342484a97c138ef1abaa10) Importer(815301076,1909f56bfc062723c751e8b465ee728b)  -> (artifact id: 'a649953718995d5a94ba5994575926a4') in 0.029277 seconds 
========================================================================
Received Import Request.
  Time since last request: 0.000021 seconds.
  path: Assets/Textures/TextureHaven/rock_4k/rock_4k_textures/rock_06/rock_06_SpecSmoothness.png
  artifactKey: Guid(fb80a5242c6e6cf46bb2f01e6b73429f) Importer(815301076,1909f56bfc062723c751e8b465ee728b)
Start importing Assets/Textures/TextureHaven/rock_4k/rock_4k_textures/rock_06/rock_06_SpecSmoothness.png using Guid(fb80a5242c6e6cf46bb2f01e6b73429f) Importer(815301076,1909f56bfc062723c751e8b465ee728b)  -> (artifact id: 'edcd6e81ac0db00205319312225db05e') in 0.043777 seconds 
========================================================================
Received Import Request.
  Time since last request: 4.738608 seconds.
  path: Assets/Textures/TextureHaven/rock_4k/rock_4k_textures/rock_08/rock_08_diff_4k.png
  artifactKey: Guid(8b68db628741ffd489630b1e819d537b) Importer(815301076,1909f56bfc062723c751e8b465ee728b)
Start importing Assets/Textures/TextureHaven/rock_4k/rock_4k_textures/rock_08/rock_08_diff_4k.png using Guid(8b68db628741ffd489630b1e819d537b) Importer(815301076,1909f56bfc062723c751e8b465ee728b)  -> (artifact id: 'bf774a5776cfe2298e089c5c84f665b3') in 0.031433 seconds 
========================================================================
Received Import Request.
  Time since last request: 0.000021 seconds.
  path: Assets/Textures/TextureHaven/rock_4k/rock_4k_textures/rock_08/rock_08_SpecSmoothness.png
  artifactKey: Guid(d9172bb28f44b7948a690b5f4c05330d) Importer(815301076,1909f56bfc062723c751e8b465ee728b)
Start importing Assets/Textures/TextureHaven/rock_4k/rock_4k_textures/rock_08/rock_08_SpecSmoothness.png using Guid(d9172bb28f44b7948a690b5f4c05330d) Importer(815301076,1909f56bfc062723c751e8b465ee728b)  -> (artifact id: '49ce5d1041375bb173c26b6493acb2ba') in 0.045774 seconds 
========================================================================
Received Import Request.
  Time since last request: 50.284034 seconds.
  path: Assets/Textures/TextureHaven/rock_4k/rock_4k_textures/rock_3/rock_3_bump_4k.png
  artifactKey: Guid(14939381e94fc554daef6e560a9e5d52) Importer(815301076,1909f56bfc062723c751e8b465ee728b)
Start importing Assets/Textures/TextureHaven/rock_4k/rock_4k_textures/rock_3/rock_3_bump_4k.png using Guid(14939381e94fc554daef6e560a9e5d52) Importer(815301076,1909f56bfc062723c751e8b465ee728b)  -> (artifact id: 'fe73d8b8230100cce1c04682147f8d6a') in 0.025200 seconds 
========================================================================
Received Import Request.
  Time since last request: 0.000026 seconds.
  path: Assets/Textures/TextureHaven/rock_4k/rock_4k_textures/rock_3/rock_3_spec_4k.png
  artifactKey: Guid(d79f0678e8f78d847befa1eb0c8b0ea8) Importer(815301076,1909f56bfc062723c751e8b465ee728b)
Start importing Assets/Textures/TextureHaven/rock_4k/rock_4k_textures/rock_3/rock_3_spec_4k.png using Guid(d79f0678e8f78d847befa1eb0c8b0ea8) Importer(815301076,1909f56bfc062723c751e8b465ee728b)  -> (artifact id: '47abc6cc0bd1ff20adeaefab86d30381') in 0.026797 seconds 
Editor requested this worker to shutdown with reason: Scaling down because of idle timeout
AssetImportWorker is now disconnected from the server
Process exiting
Exiting without the bug reporter. Application will terminate with return code 0